{"numFailedTestSuites":2,"numFailedTests":7,"numPassedTestSuites":15,"numPassedTests":114,"numPendingTestSuites":0,"numPendingTests":0,"numRuntimeErrorTestSuites":0,"numTodoTests":0,"numTotalTestSuites":17,"numTotalTests":121,"openHandles":[],"snapshot":{"added":0,"didUpdate":false,"failure":false,"filesAdded":0,"filesRemoved":0,"filesRemovedList":[],"filesUnmatched":0,"filesUpdated":0,"matched":0,"total":0,"unchecked":0,"uncheckedKeysByFile":[],"unmatched":0,"updated":0},"startTime":1749155505138,"success":false,"testResults":[{"assertionResults":[{"ancestorTitles":["Agent","Behavior Registration"],"duration":45,"failureDetails":[],"failureMessages":[],"fullName":"Agent Behavior Registration should register a behavior successfully","invocations":1,"location":null,"numPassingAsserts":3,"retryReasons":[],"status":"passed","title":"should register a behavior successfully"},{"ancestorTitles":["Agent","Input Processing"],"duration":5,"failureDetails":[],"failureMessages":[],"fullName":"Agent Input Processing should process input and generate response","invocations":1,"location":null,"numPassingAsserts":5,"retryReasons":[],"status":"passed","title":"should process input and generate response"},{"ancestorTitles":["Agent","Input Processing"],"duration":4,"failureDetails":[{"matcherResult":{"message":"\u001b[2mexpect(\u001b[22m\u001b[31mreceived\u001b[39m\u001b[2m).\u001b[22mtoBeGreaterThan\u001b[2m(\u001b[22m\u001b[32mexpected\u001b[39m\u001b[2m)\u001b[22m\n\nExpected: > \u001b[32m0\u001b[39m\nReceived:   \u001b[31m0\u001b[39m","pass":false}}],"failureMessages":["Error: \u001b[2mexpect(\u001b[22m\u001b[31mreceived\u001b[39m\u001b[2m).\u001b[22mtoBeGreaterThan\u001b[2m(\u001b[22m\u001b[32mexpected\u001b[39m\u001b[2m)\u001b[22m\n\nExpected: > \u001b[32m0\u001b[39m\nReceived:   \u001b[31m0\u001b[39m\n    at Object.<anonymous> (C:\\Users\\hp\\Desktop\\NEXUS.DAWN\\src\\core\\agent\\__tests__\\Agent.test.ts:118:36)\n    at processTicksAndRejections (node:internal/process/task_queues:105:5)"],"fullName":"Agent Input Processing should update metrics after processing input","invocations":1,"location":null,"numPassingAsserts":0,"retryReasons":[],"status":"failed","title":"should update metrics after processing input"},{"ancestorTitles":["Agent","Behavior Execution"],"duration":11,"failureDetails":[],"failureMessages":[],"fullName":"Agent Behavior Execution should execute behaviors in priority order","invocations":1,"location":null,"numPassingAsserts":1,"retryReasons":[],"status":"passed","title":"should execute behaviors in priority order"},{"ancestorTitles":["Agent","Behavior Execution"],"duration":2,"failureDetails":[],"failureMessages":[],"fullName":"Agent Behavior Execution should only execute behaviors with satisfied conditions","invocations":1,"location":null,"numPassingAsserts":2,"retryReasons":[],"status":"passed","title":"should only execute behaviors with satisfied conditions"},{"ancestorTitles":["Agent","Context Management"],"duration":2,"failureDetails":[],"failureMessages":[],"fullName":"Agent Context Management should update context after processing input","invocations":1,"location":null,"numPassingAsserts":3,"retryReasons":[],"status":"passed","title":"should update context after processing input"}],"endTime":1749155518925,"message":"\u001b[1m\u001b[31m  \u001b[1m● \u001b[22m\u001b[1mAgent › Input Processing › should update metrics after processing input\u001b[39m\u001b[22m\n\n    \u001b[2mexpect(\u001b[22m\u001b[31mreceived\u001b[39m\u001b[2m).\u001b[22mtoBeGreaterThan\u001b[2m(\u001b[22m\u001b[32mexpected\u001b[39m\u001b[2m)\u001b[22m\n\n    Expected: > \u001b[32m0\u001b[39m\n    Received:   \u001b[31m0\u001b[39m\n\u001b[2m\u001b[22m\n\u001b[2m    \u001b[0m \u001b[90m 116 |\u001b[39m       \u001b[36mconst\u001b[39m metrics \u001b[33m=\u001b[39m agent\u001b[33m.\u001b[39mgetMetrics()\u001b[33m;\u001b[39m\u001b[22m\n\u001b[2m     \u001b[90m 117 |\u001b[39m\u001b[22m\n\u001b[2m    \u001b[31m\u001b[1m>\u001b[22m\u001b[2m\u001b[39m\u001b[90m 118 |\u001b[39m       expect(metrics\u001b[33m.\u001b[39mresponseTime)\u001b[33m.\u001b[39mtoBeGreaterThan(\u001b[35m0\u001b[39m)\u001b[33m;\u001b[39m\u001b[22m\n\u001b[2m     \u001b[90m     |\u001b[39m                                    \u001b[31m\u001b[1m^\u001b[22m\u001b[2m\u001b[39m\u001b[22m\n\u001b[2m     \u001b[90m 119 |\u001b[39m       expect(metrics\u001b[33m.\u001b[39memotionalAccuracy)\u001b[33m.\u001b[39mtoBeGreaterThanOrEqual(\u001b[35m0\u001b[39m)\u001b[33m;\u001b[39m\u001b[22m\n\u001b[2m     \u001b[90m 120 |\u001b[39m       expect(metrics\u001b[33m.\u001b[39memotionalAccuracy)\u001b[33m.\u001b[39mtoBeLessThanOrEqual(\u001b[35m1\u001b[39m)\u001b[33m;\u001b[39m\u001b[22m\n\u001b[2m     \u001b[90m 121 |\u001b[39m       expect(metrics\u001b[33m.\u001b[39mbehaviorSuccess)\u001b[33m.\u001b[39mtoBeGreaterThanOrEqual(\u001b[35m0\u001b[39m)\u001b[33m;\u001b[39m\u001b[0m\u001b[22m\n\u001b[2m\u001b[22m\n\u001b[2m      \u001b[2mat Object.<anonymous> (\u001b[22m\u001b[2m\u001b[0m\u001b[36msrc/core/agent/__tests__/Agent.test.ts\u001b[39m\u001b[0m\u001b[2m:118:36)\u001b[22m\u001b[2m\u001b[22m\n","name":"C:\\Users\\hp\\Desktop\\NEXUS.DAWN\\src\\core\\agent\\__tests__\\Agent.test.ts","startTime":1749155513064,"status":"failed","summary":""},{"assertionResults":[{"ancestorTitles":["EmotionalResonance"],"duration":356,"failureDetails":[{}],"failureMessages":["RangeError: Maximum call stack size exceeded\n    at draw (C:\\Users\\hp\\Desktop\\NEXUS.DAWN\\src\\components\\EmotionalResonance.tsx:47:18)\n    at animate (C:\\Users\\hp\\Desktop\\NEXUS.DAWN\\src\\components\\EmotionalResonance.tsx:101:7)\n    at C:\\Users\\hp\\Desktop\\NEXUS.DAWN\\src\\components\\__tests__\\EmotionalResonance.test.tsx:16:7\n    at C:\\Users\\hp\\Desktop\\NEXUS.DAWN\\node_modules\\jest-mock\\build\\index.js:397:39\n    at C:\\Users\\hp\\Desktop\\NEXUS.DAWN\\node_modules\\jest-mock\\build\\index.js:404:13\n    at mockConstructor (C:\\Users\\hp\\Desktop\\NEXUS.DAWN\\node_modules\\jest-mock\\build\\index.js:148:19)\n    at animate (C:\\Users\\hp\\Desktop\\NEXUS.DAWN\\src\\components\\EmotionalResonance.tsx:102:35)\n    at C:\\Users\\hp\\Desktop\\NEXUS.DAWN\\src\\components\\__tests__\\EmotionalResonance.test.tsx:16:7\n    at C:\\Users\\hp\\Desktop\\NEXUS.DAWN\\node_modules\\jest-mock\\build\\index.js:397:39\n    at C:\\Users\\hp\\Desktop\\NEXUS.DAWN\\node_modules\\jest-mock\\build\\index.js:404:13\n    at mockConstructor (C:\\Users\\hp\\Desktop\\NEXUS.DAWN\\node_modules\\jest-mock\\build\\index.js:148:19)\n    at animate (C:\\Users\\hp\\Desktop\\NEXUS.DAWN\\src\\components\\EmotionalResonance.tsx:102:35)\n    at C:\\Users\\hp\\Desktop\\NEXUS.DAWN\\src\\components\\__tests__\\EmotionalResonance.test.tsx:16:7\n    at C:\\Users\\hp\\Desktop\\NEXUS.DAWN\\node_modules\\jest-mock\\build\\index.js:397:39\n    at C:\\Users\\hp\\Desktop\\NEXUS.DAWN\\node_modules\\jest-mock\\build\\index.js:404:13\n    at mockConstructor (C:\\Users\\hp\\Desktop\\NEXUS.DAWN\\node_modules\\jest-mock\\build\\index.js:148:19)\n    at animate (C:\\Users\\hp\\Desktop\\NEXUS.DAWN\\src\\components\\EmotionalResonance.tsx:102:35)\n    at C:\\Users\\hp\\Desktop\\NEXUS.DAWN\\src\\components\\__tests__\\EmotionalResonance.test.tsx:16:7\n    at C:\\Users\\hp\\Desktop\\NEXUS.DAWN\\node_modules\\jest-mock\\build\\index.js:397:39\n    at C:\\Users\\hp\\Desktop\\NEXUS.DAWN\\node_modules\\jest-mock\\build\\index.js:404:13\n    at mockConstructor (C:\\Users\\hp\\Desktop\\NEXUS.DAWN\\node_modules\\jest-mock\\build\\index.js:148:19)\n    at animate (C:\\Users\\hp\\Desktop\\NEXUS.DAWN\\src\\components\\EmotionalResonance.tsx:102:35)\n    at C:\\Users\\hp\\Desktop\\NEXUS.DAWN\\src\\components\\__tests__\\EmotionalResonance.test.tsx:16:7\n    at C:\\Users\\hp\\Desktop\\NEXUS.DAWN\\node_modules\\jest-mock\\build\\index.js:397:39\n    at C:\\Users\\hp\\Desktop\\NEXUS.DAWN\\node_modules\\jest-mock\\build\\index.js:404:13\n    at mockConstructor (C:\\Users\\hp\\Desktop\\NEXUS.DAWN\\node_modules\\jest-mock\\build\\index.js:148:19)\n    at animate (C:\\Users\\hp\\Desktop\\NEXUS.DAWN\\src\\components\\EmotionalResonance.tsx:102:35)\n    at C:\\Users\\hp\\Desktop\\NEXUS.DAWN\\src\\components\\__tests__\\EmotionalResonance.test.tsx:16:7\n    at C:\\Users\\hp\\Desktop\\NEXUS.DAWN\\node_modules\\jest-mock\\build\\index.js:397:39\n    at C:\\Users\\hp\\Desktop\\NEXUS.DAWN\\node_modules\\jest-mock\\build\\index.js:404:13\n    at mockConstructor (C:\\Users\\hp\\Desktop\\NEXUS.DAWN\\node_modules\\jest-mock\\build\\index.js:148:19)\n    at animate (C:\\Users\\hp\\Desktop\\NEXUS.DAWN\\src\\components\\EmotionalResonance.tsx:102:35)\n    at C:\\Users\\hp\\Desktop\\NEXUS.DAWN\\src\\components\\__tests__\\EmotionalResonance.test.tsx:16:7\n    at C:\\Users\\hp\\Desktop\\NEXUS.DAWN\\node_modules\\jest-mock\\build\\index.js:397:39\n    at C:\\Users\\hp\\Desktop\\NEXUS.DAWN\\node_modules\\jest-mock\\build\\index.js:404:13\n    at mockConstructor (C:\\Users\\hp\\Desktop\\NEXUS.DAWN\\node_modules\\jest-mock\\build\\index.js:148:19)\n    at animate (C:\\Users\\hp\\Desktop\\NEXUS.DAWN\\src\\components\\EmotionalResonance.tsx:102:35)\n    at C:\\Users\\hp\\Desktop\\NEXUS.DAWN\\src\\components\\__tests__\\EmotionalResonance.test.tsx:16:7\n    at C:\\Users\\hp\\Desktop\\NEXUS.DAWN\\node_modules\\jest-mock\\build\\index.js:397:39\n    at C:\\Users\\hp\\Desktop\\NEXUS.DAWN\\node_modules\\jest-mock\\build\\index.js:404:13\n    at mockConstructor (C:\\Users\\hp\\Desktop\\NEXUS.DAWN\\node_modules\\jest-mock\\build\\index.js:148:19)\n    at animate (C:\\Users\\hp\\Desktop\\NEXUS.DAWN\\src\\components\\EmotionalResonance.tsx:102:35)\n    at C:\\Users\\hp\\Desktop\\NEXUS.DAWN\\src\\components\\__tests__\\EmotionalResonance.test.tsx:16:7\n    at C:\\Users\\hp\\Desktop\\NEXUS.DAWN\\node_modules\\jest-mock\\build\\index.js:397:39\n    at C:\\Users\\hp\\Desktop\\NEXUS.DAWN\\node_modules\\jest-mock\\build\\index.js:404:13\n    at mockConstructor (C:\\Users\\hp\\Desktop\\NEXUS.DAWN\\node_modules\\jest-mock\\build\\index.js:148:19)\n    at animate (C:\\Users\\hp\\Desktop\\NEXUS.DAWN\\src\\components\\EmotionalResonance.tsx:102:35)\n    at C:\\Users\\hp\\Desktop\\NEXUS.DAWN\\src\\components\\__tests__\\EmotionalResonance.test.tsx:16:7\n    at C:\\Users\\hp\\Desktop\\NEXUS.DAWN\\node_modules\\jest-mock\\build\\index.js:397:39\n    at C:\\Users\\hp\\Desktop\\NEXUS.DAWN\\node_modules\\jest-mock\\build\\index.js:404:13\n    at mockConstructor (C:\\Users\\hp\\Desktop\\NEXUS.DAWN\\node_modules\\jest-mock\\build\\index.js:148:19)\n    at animate (C:\\Users\\hp\\Desktop\\NEXUS.DAWN\\src\\components\\EmotionalResonance.tsx:102:35)\n    at C:\\Users\\hp\\Desktop\\NEXUS.DAWN\\src\\components\\__tests__\\EmotionalResonance.test.tsx:16:7\n    at C:\\Users\\hp\\Desktop\\NEXUS.DAWN\\node_modules\\jest-mock\\build\\index.js:397:39\n    at C:\\Users\\hp\\Desktop\\NEXUS.DAWN\\node_modules\\jest-mock\\build\\index.js:404:13\n    at mockConstructor (C:\\Users\\hp\\Desktop\\NEXUS.DAWN\\node_modules\\jest-mock\\build\\index.js:148:19)\n    at animate (C:\\Users\\hp\\Desktop\\NEXUS.DAWN\\src\\components\\EmotionalResonance.tsx:102:35)\n    at C:\\Users\\hp\\Desktop\\NEXUS.DAWN\\src\\components\\__tests__\\EmotionalResonance.test.tsx:16:7\n    at C:\\Users\\hp\\Desktop\\NEXUS.DAWN\\node_modules\\jest-mock\\build\\index.js:397:39\n    at C:\\Users\\hp\\Desktop\\NEXUS.DAWN\\node_modules\\jest-mock\\build\\index.js:404:13\n    at mockConstructor (C:\\Users\\hp\\Desktop\\NEXUS.DAWN\\node_modules\\jest-mock\\build\\index.js:148:19)\n    at animate (C:\\Users\\hp\\Desktop\\NEXUS.DAWN\\src\\components\\EmotionalResonance.tsx:102:35)\n    at C:\\Users\\hp\\Desktop\\NEXUS.DAWN\\src\\components\\__tests__\\EmotionalResonance.test.tsx:16:7\n    at C:\\Users\\hp\\Desktop\\NEXUS.DAWN\\node_modules\\jest-mock\\build\\index.js:397:39\n    at C:\\Users\\hp\\Desktop\\NEXUS.DAWN\\node_modules\\jest-mock\\build\\index.js:404:13\n    at mockConstructor (C:\\Users\\hp\\Desktop\\NEXUS.DAWN\\node_modules\\jest-mock\\build\\index.js:148:19)\n    at animate (C:\\Users\\hp\\Desktop\\NEXUS.DAWN\\src\\components\\EmotionalResonance.tsx:102:35)\n    at C:\\Users\\hp\\Desktop\\NEXUS.DAWN\\src\\components\\__tests__\\EmotionalResonance.test.tsx:16:7\n    at C:\\Users\\hp\\Desktop\\NEXUS.DAWN\\node_modules\\jest-mock\\build\\index.js:397:39\n    at C:\\Users\\hp\\Desktop\\NEXUS.DAWN\\node_modules\\jest-mock\\build\\index.js:404:13\n    at mockConstructor (C:\\Users\\hp\\Desktop\\NEXUS.DAWN\\node_modules\\jest-mock\\build\\index.js:148:19)\n    at animate (C:\\Users\\hp\\Desktop\\NEXUS.DAWN\\src\\components\\EmotionalResonance.tsx:102:35)\n    at C:\\Users\\hp\\Desktop\\NEXUS.DAWN\\src\\components\\__tests__\\EmotionalResonance.test.tsx:16:7\n    at C:\\Users\\hp\\Desktop\\NEXUS.DAWN\\node_modules\\jest-mock\\build\\index.js:397:39\n    at C:\\Users\\hp\\Desktop\\NEXUS.DAWN\\node_modules\\jest-mock\\build\\index.js:404:13\n    at mockConstructor (C:\\Users\\hp\\Desktop\\NEXUS.DAWN\\node_modules\\jest-mock\\build\\index.js:148:19)\n    at animate (C:\\Users\\hp\\Desktop\\NEXUS.DAWN\\src\\components\\EmotionalResonance.tsx:102:35)\n    at C:\\Users\\hp\\Desktop\\NEXUS.DAWN\\src\\components\\__tests__\\EmotionalResonance.test.tsx:16:7\n    at C:\\Users\\hp\\Desktop\\NEXUS.DAWN\\node_modules\\jest-mock\\build\\index.js:397:39\n    at C:\\Users\\hp\\Desktop\\NEXUS.DAWN\\node_modules\\jest-mock\\build\\index.js:404:13\n    at mockConstructor (C:\\Users\\hp\\Desktop\\NEXUS.DAWN\\node_modules\\jest-mock\\build\\index.js:148:19)\n    at animate (C:\\Users\\hp\\Desktop\\NEXUS.DAWN\\src\\components\\EmotionalResonance.tsx:102:35)\n    at C:\\Users\\hp\\Desktop\\NEXUS.DAWN\\src\\components\\__tests__\\EmotionalResonance.test.tsx:16:7\n    at C:\\Users\\hp\\Desktop\\NEXUS.DAWN\\node_modules\\jest-mock\\build\\index.js:397:39\n    at C:\\Users\\hp\\Desktop\\NEXUS.DAWN\\node_modules\\jest-mock\\build\\index.js:404:13\n    at mockConstructor (C:\\Users\\hp\\Desktop\\NEXUS.DAWN\\node_modules\\jest-mock\\build\\index.js:148:19)\n    at animate (C:\\Users\\hp\\Desktop\\NEXUS.DAWN\\src\\components\\EmotionalResonance.tsx:102:35)\n    at C:\\Users\\hp\\Desktop\\NEXUS.DAWN\\src\\components\\__tests__\\EmotionalResonance.test.tsx:16:7\n    at C:\\Users\\hp\\Desktop\\NEXUS.DAWN\\node_modules\\jest-mock\\build\\index.js:397:39\n    at C:\\Users\\hp\\Desktop\\NEXUS.DAWN\\node_modules\\jest-mock\\build\\index.js:404:13\n    at mockConstructor (C:\\Users\\hp\\Desktop\\NEXUS.DAWN\\node_modules\\jest-mock\\build\\index.js:148:19)\n    at animate (C:\\Users\\hp\\Desktop\\NEXUS.DAWN\\src\\components\\EmotionalResonance.tsx:102:35)\n    at C:\\Users\\hp\\Desktop\\NEXUS.DAWN\\src\\components\\__tests__\\EmotionalResonance.test.tsx:16:7\n    at C:\\Users\\hp\\Desktop\\NEXUS.DAWN\\node_modules\\jest-mock\\build\\index.js:397:39\n    at C:\\Users\\hp\\Desktop\\NEXUS.DAWN\\node_modules\\jest-mock\\build\\index.js:404:13\n    at mockConstructor (C:\\Users\\hp\\Desktop\\NEXUS.DAWN\\node_modules\\jest-mock\\build\\index.js:148:19)\n    at animate (C:\\Users\\hp\\Desktop\\NEXUS.DAWN\\src\\components\\EmotionalResonance.tsx:102:35)\n    at C:\\Users\\hp\\Desktop\\NEXUS.DAWN\\src\\components\\__tests__\\EmotionalResonance.test.tsx:16:7\n    at C:\\Users\\hp\\Desktop\\NEXUS.DAWN\\node_modules\\jest-mock\\build\\index.js:397:39\n    at C:\\Users\\hp\\Desktop\\NEXUS.DAWN\\node_modules\\jest-mock\\build\\index.js:404:13"],"fullName":"EmotionalResonance renders with default props","invocations":1,"location":null,"numPassingAsserts":0,"retryReasons":[],"status":"failed","title":"renders with default props"},{"ancestorTitles":["EmotionalResonance"],"duration":135,"failureDetails":[{}],"failureMessages":["RangeError: Maximum call stack size exceeded\n    at draw (C:\\Users\\hp\\Desktop\\NEXUS.DAWN\\src\\components\\EmotionalResonance.tsx:47:18)\n    at animate (C:\\Users\\hp\\Desktop\\NEXUS.DAWN\\src\\components\\EmotionalResonance.tsx:101:7)\n    at C:\\Users\\hp\\Desktop\\NEXUS.DAWN\\src\\components\\__tests__\\EmotionalResonance.test.tsx:16:7\n    at C:\\Users\\hp\\Desktop\\NEXUS.DAWN\\node_modules\\jest-mock\\build\\index.js:397:39\n    at C:\\Users\\hp\\Desktop\\NEXUS.DAWN\\node_modules\\jest-mock\\build\\index.js:404:13\n    at mockConstructor (C:\\Users\\hp\\Desktop\\NEXUS.DAWN\\node_modules\\jest-mock\\build\\index.js:148:19)\n    at animate (C:\\Users\\hp\\Desktop\\NEXUS.DAWN\\src\\components\\EmotionalResonance.tsx:102:35)\n    at C:\\Users\\hp\\Desktop\\NEXUS.DAWN\\src\\components\\__tests__\\EmotionalResonance.test.tsx:16:7\n    at C:\\Users\\hp\\Desktop\\NEXUS.DAWN\\node_modules\\jest-mock\\build\\index.js:397:39\n    at C:\\Users\\hp\\Desktop\\NEXUS.DAWN\\node_modules\\jest-mock\\build\\index.js:404:13\n    at mockConstructor (C:\\Users\\hp\\Desktop\\NEXUS.DAWN\\node_modules\\jest-mock\\build\\index.js:148:19)\n    at animate (C:\\Users\\hp\\Desktop\\NEXUS.DAWN\\src\\components\\EmotionalResonance.tsx:102:35)\n    at C:\\Users\\hp\\Desktop\\NEXUS.DAWN\\src\\components\\__tests__\\EmotionalResonance.test.tsx:16:7\n    at C:\\Users\\hp\\Desktop\\NEXUS.DAWN\\node_modules\\jest-mock\\build\\index.js:397:39\n    at C:\\Users\\hp\\Desktop\\NEXUS.DAWN\\node_modules\\jest-mock\\build\\index.js:404:13\n    at mockConstructor (C:\\Users\\hp\\Desktop\\NEXUS.DAWN\\node_modules\\jest-mock\\build\\index.js:148:19)\n    at animate (C:\\Users\\hp\\Desktop\\NEXUS.DAWN\\src\\components\\EmotionalResonance.tsx:102:35)\n    at C:\\Users\\hp\\Desktop\\NEXUS.DAWN\\src\\components\\__tests__\\EmotionalResonance.test.tsx:16:7\n    at C:\\Users\\hp\\Desktop\\NEXUS.DAWN\\node_modules\\jest-mock\\build\\index.js:397:39\n    at C:\\Users\\hp\\Desktop\\NEXUS.DAWN\\node_modules\\jest-mock\\build\\index.js:404:13\n    at mockConstructor (C:\\Users\\hp\\Desktop\\NEXUS.DAWN\\node_modules\\jest-mock\\build\\index.js:148:19)\n    at animate (C:\\Users\\hp\\Desktop\\NEXUS.DAWN\\src\\components\\EmotionalResonance.tsx:102:35)\n    at C:\\Users\\hp\\Desktop\\NEXUS.DAWN\\src\\components\\__tests__\\EmotionalResonance.test.tsx:16:7\n    at C:\\Users\\hp\\Desktop\\NEXUS.DAWN\\node_modules\\jest-mock\\build\\index.js:397:39\n    at C:\\Users\\hp\\Desktop\\NEXUS.DAWN\\node_modules\\jest-mock\\build\\index.js:404:13\n    at mockConstructor (C:\\Users\\hp\\Desktop\\NEXUS.DAWN\\node_modules\\jest-mock\\build\\index.js:148:19)\n    at animate (C:\\Users\\hp\\Desktop\\NEXUS.DAWN\\src\\components\\EmotionalResonance.tsx:102:35)\n    at C:\\Users\\hp\\Desktop\\NEXUS.DAWN\\src\\components\\__tests__\\EmotionalResonance.test.tsx:16:7\n    at C:\\Users\\hp\\Desktop\\NEXUS.DAWN\\node_modules\\jest-mock\\build\\index.js:397:39\n    at C:\\Users\\hp\\Desktop\\NEXUS.DAWN\\node_modules\\jest-mock\\build\\index.js:404:13\n    at mockConstructor (C:\\Users\\hp\\Desktop\\NEXUS.DAWN\\node_modules\\jest-mock\\build\\index.js:148:19)\n    at animate (C:\\Users\\hp\\Desktop\\NEXUS.DAWN\\src\\components\\EmotionalResonance.tsx:102:35)\n    at C:\\Users\\hp\\Desktop\\NEXUS.DAWN\\src\\components\\__tests__\\EmotionalResonance.test.tsx:16:7\n    at C:\\Users\\hp\\Desktop\\NEXUS.DAWN\\node_modules\\jest-mock\\build\\index.js:397:39\n    at C:\\Users\\hp\\Desktop\\NEXUS.DAWN\\node_modules\\jest-mock\\build\\index.js:404:13\n    at mockConstructor (C:\\Users\\hp\\Desktop\\NEXUS.DAWN\\node_modules\\jest-mock\\build\\index.js:148:19)\n    at animate (C:\\Users\\hp\\Desktop\\NEXUS.DAWN\\src\\components\\EmotionalResonance.tsx:102:35)\n    at C:\\Users\\hp\\Desktop\\NEXUS.DAWN\\src\\components\\__tests__\\EmotionalResonance.test.tsx:16:7\n    at C:\\Users\\hp\\Desktop\\NEXUS.DAWN\\node_modules\\jest-mock\\build\\index.js:397:39\n    at C:\\Users\\hp\\Desktop\\NEXUS.DAWN\\node_modules\\jest-mock\\build\\index.js:404:13\n    at mockConstructor (C:\\Users\\hp\\Desktop\\NEXUS.DAWN\\node_modules\\jest-mock\\build\\index.js:148:19)\n    at animate (C:\\Users\\hp\\Desktop\\NEXUS.DAWN\\src\\components\\EmotionalResonance.tsx:102:35)\n    at C:\\Users\\hp\\Desktop\\NEXUS.DAWN\\src\\components\\__tests__\\EmotionalResonance.test.tsx:16:7\n    at C:\\Users\\hp\\Desktop\\NEXUS.DAWN\\node_modules\\jest-mock\\build\\index.js:397:39\n    at C:\\Users\\hp\\Desktop\\NEXUS.DAWN\\node_modules\\jest-mock\\build\\index.js:404:13\n    at mockConstructor (C:\\Users\\hp\\Desktop\\NEXUS.DAWN\\node_modules\\jest-mock\\build\\index.js:148:19)\n    at animate (C:\\Users\\hp\\Desktop\\NEXUS.DAWN\\src\\components\\EmotionalResonance.tsx:102:35)\n    at C:\\Users\\hp\\Desktop\\NEXUS.DAWN\\src\\components\\__tests__\\EmotionalResonance.test.tsx:16:7\n    at C:\\Users\\hp\\Desktop\\NEXUS.DAWN\\node_modules\\jest-mock\\build\\index.js:397:39\n    at C:\\Users\\hp\\Desktop\\NEXUS.DAWN\\node_modules\\jest-mock\\build\\index.js:404:13\n    at mockConstructor (C:\\Users\\hp\\Desktop\\NEXUS.DAWN\\node_modules\\jest-mock\\build\\index.js:148:19)\n    at animate (C:\\Users\\hp\\Desktop\\NEXUS.DAWN\\src\\components\\EmotionalResonance.tsx:102:35)\n    at C:\\Users\\hp\\Desktop\\NEXUS.DAWN\\src\\components\\__tests__\\EmotionalResonance.test.tsx:16:7\n    at C:\\Users\\hp\\Desktop\\NEXUS.DAWN\\node_modules\\jest-mock\\build\\index.js:397:39\n    at C:\\Users\\hp\\Desktop\\NEXUS.DAWN\\node_modules\\jest-mock\\build\\index.js:404:13\n    at mockConstructor (C:\\Users\\hp\\Desktop\\NEXUS.DAWN\\node_modules\\jest-mock\\build\\index.js:148:19)\n    at animate (C:\\Users\\hp\\Desktop\\NEXUS.DAWN\\src\\components\\EmotionalResonance.tsx:102:35)\n    at C:\\Users\\hp\\Desktop\\NEXUS.DAWN\\src\\components\\__tests__\\EmotionalResonance.test.tsx:16:7\n    at C:\\Users\\hp\\Desktop\\NEXUS.DAWN\\node_modules\\jest-mock\\build\\index.js:397:39\n    at C:\\Users\\hp\\Desktop\\NEXUS.DAWN\\node_modules\\jest-mock\\build\\index.js:404:13\n    at mockConstructor (C:\\Users\\hp\\Desktop\\NEXUS.DAWN\\node_modules\\jest-mock\\build\\index.js:148:19)\n    at animate (C:\\Users\\hp\\Desktop\\NEXUS.DAWN\\src\\components\\EmotionalResonance.tsx:102:35)\n    at C:\\Users\\hp\\Desktop\\NEXUS.DAWN\\src\\components\\__tests__\\EmotionalResonance.test.tsx:16:7\n    at C:\\Users\\hp\\Desktop\\NEXUS.DAWN\\node_modules\\jest-mock\\build\\index.js:397:39\n    at C:\\Users\\hp\\Desktop\\NEXUS.DAWN\\node_modules\\jest-mock\\build\\index.js:404:13\n    at mockConstructor (C:\\Users\\hp\\Desktop\\NEXUS.DAWN\\node_modules\\jest-mock\\build\\index.js:148:19)\n    at animate (C:\\Users\\hp\\Desktop\\NEXUS.DAWN\\src\\components\\EmotionalResonance.tsx:102:35)\n    at C:\\Users\\hp\\Desktop\\NEXUS.DAWN\\src\\components\\__tests__\\EmotionalResonance.test.tsx:16:7\n    at C:\\Users\\hp\\Desktop\\NEXUS.DAWN\\node_modules\\jest-mock\\build\\index.js:397:39\n    at C:\\Users\\hp\\Desktop\\NEXUS.DAWN\\node_modules\\jest-mock\\build\\index.js:404:13\n    at mockConstructor (C:\\Users\\hp\\Desktop\\NEXUS.DAWN\\node_modules\\jest-mock\\build\\index.js:148:19)\n    at animate (C:\\Users\\hp\\Desktop\\NEXUS.DAWN\\src\\components\\EmotionalResonance.tsx:102:35)\n    at C:\\Users\\hp\\Desktop\\NEXUS.DAWN\\src\\components\\__tests__\\EmotionalResonance.test.tsx:16:7\n    at C:\\Users\\hp\\Desktop\\NEXUS.DAWN\\node_modules\\jest-mock\\build\\index.js:397:39\n    at C:\\Users\\hp\\Desktop\\NEXUS.DAWN\\node_modules\\jest-mock\\build\\index.js:404:13\n    at mockConstructor (C:\\Users\\hp\\Desktop\\NEXUS.DAWN\\node_modules\\jest-mock\\build\\index.js:148:19)\n    at animate (C:\\Users\\hp\\Desktop\\NEXUS.DAWN\\src\\components\\EmotionalResonance.tsx:102:35)\n    at C:\\Users\\hp\\Desktop\\NEXUS.DAWN\\src\\components\\__tests__\\EmotionalResonance.test.tsx:16:7\n    at C:\\Users\\hp\\Desktop\\NEXUS.DAWN\\node_modules\\jest-mock\\build\\index.js:397:39\n    at C:\\Users\\hp\\Desktop\\NEXUS.DAWN\\node_modules\\jest-mock\\build\\index.js:404:13\n    at mockConstructor (C:\\Users\\hp\\Desktop\\NEXUS.DAWN\\node_modules\\jest-mock\\build\\index.js:148:19)\n    at animate (C:\\Users\\hp\\Desktop\\NEXUS.DAWN\\src\\components\\EmotionalResonance.tsx:102:35)\n    at C:\\Users\\hp\\Desktop\\NEXUS.DAWN\\src\\components\\__tests__\\EmotionalResonance.test.tsx:16:7\n    at C:\\Users\\hp\\Desktop\\NEXUS.DAWN\\node_modules\\jest-mock\\build\\index.js:397:39\n    at C:\\Users\\hp\\Desktop\\NEXUS.DAWN\\node_modules\\jest-mock\\build\\index.js:404:13\n    at mockConstructor (C:\\Users\\hp\\Desktop\\NEXUS.DAWN\\node_modules\\jest-mock\\build\\index.js:148:19)\n    at animate (C:\\Users\\hp\\Desktop\\NEXUS.DAWN\\src\\components\\EmotionalResonance.tsx:102:35)\n    at C:\\Users\\hp\\Desktop\\NEXUS.DAWN\\src\\components\\__tests__\\EmotionalResonance.test.tsx:16:7\n    at C:\\Users\\hp\\Desktop\\NEXUS.DAWN\\node_modules\\jest-mock\\build\\index.js:397:39\n    at C:\\Users\\hp\\Desktop\\NEXUS.DAWN\\node_modules\\jest-mock\\build\\index.js:404:13\n    at mockConstructor (C:\\Users\\hp\\Desktop\\NEXUS.DAWN\\node_modules\\jest-mock\\build\\index.js:148:19)\n    at animate (C:\\Users\\hp\\Desktop\\NEXUS.DAWN\\src\\components\\EmotionalResonance.tsx:102:35)\n    at C:\\Users\\hp\\Desktop\\NEXUS.DAWN\\src\\components\\__tests__\\EmotionalResonance.test.tsx:16:7\n    at C:\\Users\\hp\\Desktop\\NEXUS.DAWN\\node_modules\\jest-mock\\build\\index.js:397:39\n    at C:\\Users\\hp\\Desktop\\NEXUS.DAWN\\node_modules\\jest-mock\\build\\index.js:404:13\n    at mockConstructor (C:\\Users\\hp\\Desktop\\NEXUS.DAWN\\node_modules\\jest-mock\\build\\index.js:148:19)\n    at animate (C:\\Users\\hp\\Desktop\\NEXUS.DAWN\\src\\components\\EmotionalResonance.tsx:102:35)\n    at C:\\Users\\hp\\Desktop\\NEXUS.DAWN\\src\\components\\__tests__\\EmotionalResonance.test.tsx:16:7\n    at C:\\Users\\hp\\Desktop\\NEXUS.DAWN\\node_modules\\jest-mock\\build\\index.js:397:39\n    at C:\\Users\\hp\\Desktop\\NEXUS.DAWN\\node_modules\\jest-mock\\build\\index.js:404:13"],"fullName":"EmotionalResonance applies cosmic mode styles","invocations":1,"location":null,"numPassingAsserts":0,"retryReasons":[],"status":"failed","title":"applies cosmic mode styles"},{"ancestorTitles":["EmotionalResonance"],"duration":130,"failureDetails":[{}],"failureMessages":["RangeError: Maximum call stack size exceeded\n    at draw (C:\\Users\\hp\\Desktop\\NEXUS.DAWN\\src\\components\\EmotionalResonance.tsx:47:18)\n    at animate (C:\\Users\\hp\\Desktop\\NEXUS.DAWN\\src\\components\\EmotionalResonance.tsx:101:7)\n    at C:\\Users\\hp\\Desktop\\NEXUS.DAWN\\src\\components\\__tests__\\EmotionalResonance.test.tsx:16:7\n    at C:\\Users\\hp\\Desktop\\NEXUS.DAWN\\node_modules\\jest-mock\\build\\index.js:397:39\n    at C:\\Users\\hp\\Desktop\\NEXUS.DAWN\\node_modules\\jest-mock\\build\\index.js:404:13\n    at mockConstructor (C:\\Users\\hp\\Desktop\\NEXUS.DAWN\\node_modules\\jest-mock\\build\\index.js:148:19)\n    at animate (C:\\Users\\hp\\Desktop\\NEXUS.DAWN\\src\\components\\EmotionalResonance.tsx:102:35)\n    at C:\\Users\\hp\\Desktop\\NEXUS.DAWN\\src\\components\\__tests__\\EmotionalResonance.test.tsx:16:7\n    at C:\\Users\\hp\\Desktop\\NEXUS.DAWN\\node_modules\\jest-mock\\build\\index.js:397:39\n    at C:\\Users\\hp\\Desktop\\NEXUS.DAWN\\node_modules\\jest-mock\\build\\index.js:404:13\n    at mockConstructor (C:\\Users\\hp\\Desktop\\NEXUS.DAWN\\node_modules\\jest-mock\\build\\index.js:148:19)\n    at animate (C:\\Users\\hp\\Desktop\\NEXUS.DAWN\\src\\components\\EmotionalResonance.tsx:102:35)\n    at C:\\Users\\hp\\Desktop\\NEXUS.DAWN\\src\\components\\__tests__\\EmotionalResonance.test.tsx:16:7\n    at C:\\Users\\hp\\Desktop\\NEXUS.DAWN\\node_modules\\jest-mock\\build\\index.js:397:39\n    at C:\\Users\\hp\\Desktop\\NEXUS.DAWN\\node_modules\\jest-mock\\build\\index.js:404:13\n    at mockConstructor (C:\\Users\\hp\\Desktop\\NEXUS.DAWN\\node_modules\\jest-mock\\build\\index.js:148:19)\n    at animate (C:\\Users\\hp\\Desktop\\NEXUS.DAWN\\src\\components\\EmotionalResonance.tsx:102:35)\n    at C:\\Users\\hp\\Desktop\\NEXUS.DAWN\\src\\components\\__tests__\\EmotionalResonance.test.tsx:16:7\n    at C:\\Users\\hp\\Desktop\\NEXUS.DAWN\\node_modules\\jest-mock\\build\\index.js:397:39\n    at C:\\Users\\hp\\Desktop\\NEXUS.DAWN\\node_modules\\jest-mock\\build\\index.js:404:13\n    at mockConstructor (C:\\Users\\hp\\Desktop\\NEXUS.DAWN\\node_modules\\jest-mock\\build\\index.js:148:19)\n    at animate (C:\\Users\\hp\\Desktop\\NEXUS.DAWN\\src\\components\\EmotionalResonance.tsx:102:35)\n    at C:\\Users\\hp\\Desktop\\NEXUS.DAWN\\src\\components\\__tests__\\EmotionalResonance.test.tsx:16:7\n    at C:\\Users\\hp\\Desktop\\NEXUS.DAWN\\node_modules\\jest-mock\\build\\index.js:397:39\n    at C:\\Users\\hp\\Desktop\\NEXUS.DAWN\\node_modules\\jest-mock\\build\\index.js:404:13\n    at mockConstructor (C:\\Users\\hp\\Desktop\\NEXUS.DAWN\\node_modules\\jest-mock\\build\\index.js:148:19)\n    at animate (C:\\Users\\hp\\Desktop\\NEXUS.DAWN\\src\\components\\EmotionalResonance.tsx:102:35)\n    at C:\\Users\\hp\\Desktop\\NEXUS.DAWN\\src\\components\\__tests__\\EmotionalResonance.test.tsx:16:7\n    at C:\\Users\\hp\\Desktop\\NEXUS.DAWN\\node_modules\\jest-mock\\build\\index.js:397:39\n    at C:\\Users\\hp\\Desktop\\NEXUS.DAWN\\node_modules\\jest-mock\\build\\index.js:404:13\n    at mockConstructor (C:\\Users\\hp\\Desktop\\NEXUS.DAWN\\node_modules\\jest-mock\\build\\index.js:148:19)\n    at animate (C:\\Users\\hp\\Desktop\\NEXUS.DAWN\\src\\components\\EmotionalResonance.tsx:102:35)\n    at C:\\Users\\hp\\Desktop\\NEXUS.DAWN\\src\\components\\__tests__\\EmotionalResonance.test.tsx:16:7\n    at C:\\Users\\hp\\Desktop\\NEXUS.DAWN\\node_modules\\jest-mock\\build\\index.js:397:39\n    at C:\\Users\\hp\\Desktop\\NEXUS.DAWN\\node_modules\\jest-mock\\build\\index.js:404:13\n    at mockConstructor (C:\\Users\\hp\\Desktop\\NEXUS.DAWN\\node_modules\\jest-mock\\build\\index.js:148:19)\n    at animate (C:\\Users\\hp\\Desktop\\NEXUS.DAWN\\src\\components\\EmotionalResonance.tsx:102:35)\n    at C:\\Users\\hp\\Desktop\\NEXUS.DAWN\\src\\components\\__tests__\\EmotionalResonance.test.tsx:16:7\n    at C:\\Users\\hp\\Desktop\\NEXUS.DAWN\\node_modules\\jest-mock\\build\\index.js:397:39\n    at C:\\Users\\hp\\Desktop\\NEXUS.DAWN\\node_modules\\jest-mock\\build\\index.js:404:13\n    at mockConstructor (C:\\Users\\hp\\Desktop\\NEXUS.DAWN\\node_modules\\jest-mock\\build\\index.js:148:19)\n    at animate (C:\\Users\\hp\\Desktop\\NEXUS.DAWN\\src\\components\\EmotionalResonance.tsx:102:35)\n    at C:\\Users\\hp\\Desktop\\NEXUS.DAWN\\src\\components\\__tests__\\EmotionalResonance.test.tsx:16:7\n    at C:\\Users\\hp\\Desktop\\NEXUS.DAWN\\node_modules\\jest-mock\\build\\index.js:397:39\n    at C:\\Users\\hp\\Desktop\\NEXUS.DAWN\\node_modules\\jest-mock\\build\\index.js:404:13\n    at mockConstructor (C:\\Users\\hp\\Desktop\\NEXUS.DAWN\\node_modules\\jest-mock\\build\\index.js:148:19)\n    at animate (C:\\Users\\hp\\Desktop\\NEXUS.DAWN\\src\\components\\EmotionalResonance.tsx:102:35)\n    at C:\\Users\\hp\\Desktop\\NEXUS.DAWN\\src\\components\\__tests__\\EmotionalResonance.test.tsx:16:7\n    at C:\\Users\\hp\\Desktop\\NEXUS.DAWN\\node_modules\\jest-mock\\build\\index.js:397:39\n    at C:\\Users\\hp\\Desktop\\NEXUS.DAWN\\node_modules\\jest-mock\\build\\index.js:404:13\n    at mockConstructor (C:\\Users\\hp\\Desktop\\NEXUS.DAWN\\node_modules\\jest-mock\\build\\index.js:148:19)\n    at animate (C:\\Users\\hp\\Desktop\\NEXUS.DAWN\\src\\components\\EmotionalResonance.tsx:102:35)\n    at C:\\Users\\hp\\Desktop\\NEXUS.DAWN\\src\\components\\__tests__\\EmotionalResonance.test.tsx:16:7\n    at C:\\Users\\hp\\Desktop\\NEXUS.DAWN\\node_modules\\jest-mock\\build\\index.js:397:39\n    at C:\\Users\\hp\\Desktop\\NEXUS.DAWN\\node_modules\\jest-mock\\build\\index.js:404:13\n    at mockConstructor (C:\\Users\\hp\\Desktop\\NEXUS.DAWN\\node_modules\\jest-mock\\build\\index.js:148:19)\n    at animate (C:\\Users\\hp\\Desktop\\NEXUS.DAWN\\src\\components\\EmotionalResonance.tsx:102:35)\n    at C:\\Users\\hp\\Desktop\\NEXUS.DAWN\\src\\components\\__tests__\\EmotionalResonance.test.tsx:16:7\n    at C:\\Users\\hp\\Desktop\\NEXUS.DAWN\\node_modules\\jest-mock\\build\\index.js:397:39\n    at C:\\Users\\hp\\Desktop\\NEXUS.DAWN\\node_modules\\jest-mock\\build\\index.js:404:13\n    at mockConstructor (C:\\Users\\hp\\Desktop\\NEXUS.DAWN\\node_modules\\jest-mock\\build\\index.js:148:19)\n    at animate (C:\\Users\\hp\\Desktop\\NEXUS.DAWN\\src\\components\\EmotionalResonance.tsx:102:35)\n    at C:\\Users\\hp\\Desktop\\NEXUS.DAWN\\src\\components\\__tests__\\EmotionalResonance.test.tsx:16:7\n    at C:\\Users\\hp\\Desktop\\NEXUS.DAWN\\node_modules\\jest-mock\\build\\index.js:397:39\n    at C:\\Users\\hp\\Desktop\\NEXUS.DAWN\\node_modules\\jest-mock\\build\\index.js:404:13\n    at mockConstructor (C:\\Users\\hp\\Desktop\\NEXUS.DAWN\\node_modules\\jest-mock\\build\\index.js:148:19)\n    at animate (C:\\Users\\hp\\Desktop\\NEXUS.DAWN\\src\\components\\EmotionalResonance.tsx:102:35)\n    at C:\\Users\\hp\\Desktop\\NEXUS.DAWN\\src\\components\\__tests__\\EmotionalResonance.test.tsx:16:7\n    at C:\\Users\\hp\\Desktop\\NEXUS.DAWN\\node_modules\\jest-mock\\build\\index.js:397:39\n    at C:\\Users\\hp\\Desktop\\NEXUS.DAWN\\node_modules\\jest-mock\\build\\index.js:404:13\n    at mockConstructor (C:\\Users\\hp\\Desktop\\NEXUS.DAWN\\node_modules\\jest-mock\\build\\index.js:148:19)\n    at animate (C:\\Users\\hp\\Desktop\\NEXUS.DAWN\\src\\components\\EmotionalResonance.tsx:102:35)\n    at C:\\Users\\hp\\Desktop\\NEXUS.DAWN\\src\\components\\__tests__\\EmotionalResonance.test.tsx:16:7\n    at C:\\Users\\hp\\Desktop\\NEXUS.DAWN\\node_modules\\jest-mock\\build\\index.js:397:39\n    at C:\\Users\\hp\\Desktop\\NEXUS.DAWN\\node_modules\\jest-mock\\build\\index.js:404:13\n    at mockConstructor (C:\\Users\\hp\\Desktop\\NEXUS.DAWN\\node_modules\\jest-mock\\build\\index.js:148:19)\n    at animate (C:\\Users\\hp\\Desktop\\NEXUS.DAWN\\src\\components\\EmotionalResonance.tsx:102:35)\n    at C:\\Users\\hp\\Desktop\\NEXUS.DAWN\\src\\components\\__tests__\\EmotionalResonance.test.tsx:16:7\n    at C:\\Users\\hp\\Desktop\\NEXUS.DAWN\\node_modules\\jest-mock\\build\\index.js:397:39\n    at C:\\Users\\hp\\Desktop\\NEXUS.DAWN\\node_modules\\jest-mock\\build\\index.js:404:13\n    at mockConstructor (C:\\Users\\hp\\Desktop\\NEXUS.DAWN\\node_modules\\jest-mock\\build\\index.js:148:19)\n    at animate (C:\\Users\\hp\\Desktop\\NEXUS.DAWN\\src\\components\\EmotionalResonance.tsx:102:35)\n    at C:\\Users\\hp\\Desktop\\NEXUS.DAWN\\src\\components\\__tests__\\EmotionalResonance.test.tsx:16:7\n    at C:\\Users\\hp\\Desktop\\NEXUS.DAWN\\node_modules\\jest-mock\\build\\index.js:397:39\n    at C:\\Users\\hp\\Desktop\\NEXUS.DAWN\\node_modules\\jest-mock\\build\\index.js:404:13\n    at mockConstructor (C:\\Users\\hp\\Desktop\\NEXUS.DAWN\\node_modules\\jest-mock\\build\\index.js:148:19)\n    at animate (C:\\Users\\hp\\Desktop\\NEXUS.DAWN\\src\\components\\EmotionalResonance.tsx:102:35)\n    at C:\\Users\\hp\\Desktop\\NEXUS.DAWN\\src\\components\\__tests__\\EmotionalResonance.test.tsx:16:7\n    at C:\\Users\\hp\\Desktop\\NEXUS.DAWN\\node_modules\\jest-mock\\build\\index.js:397:39\n    at C:\\Users\\hp\\Desktop\\NEXUS.DAWN\\node_modules\\jest-mock\\build\\index.js:404:13\n    at mockConstructor (C:\\Users\\hp\\Desktop\\NEXUS.DAWN\\node_modules\\jest-mock\\build\\index.js:148:19)\n    at animate (C:\\Users\\hp\\Desktop\\NEXUS.DAWN\\src\\components\\EmotionalResonance.tsx:102:35)\n    at C:\\Users\\hp\\Desktop\\NEXUS.DAWN\\src\\components\\__tests__\\EmotionalResonance.test.tsx:16:7\n    at C:\\Users\\hp\\Desktop\\NEXUS.DAWN\\node_modules\\jest-mock\\build\\index.js:397:39\n    at C:\\Users\\hp\\Desktop\\NEXUS.DAWN\\node_modules\\jest-mock\\build\\index.js:404:13\n    at mockConstructor (C:\\Users\\hp\\Desktop\\NEXUS.DAWN\\node_modules\\jest-mock\\build\\index.js:148:19)\n    at animate (C:\\Users\\hp\\Desktop\\NEXUS.DAWN\\src\\components\\EmotionalResonance.tsx:102:35)\n    at C:\\Users\\hp\\Desktop\\NEXUS.DAWN\\src\\components\\__tests__\\EmotionalResonance.test.tsx:16:7\n    at C:\\Users\\hp\\Desktop\\NEXUS.DAWN\\node_modules\\jest-mock\\build\\index.js:397:39\n    at C:\\Users\\hp\\Desktop\\NEXUS.DAWN\\node_modules\\jest-mock\\build\\index.js:404:13"],"fullName":"EmotionalResonance updates visualization with different values","invocations":1,"location":null,"numPassingAsserts":0,"retryReasons":[],"status":"failed","title":"updates visualization with different values"},{"ancestorTitles":["EmotionalResonance"],"duration":90,"failureDetails":[{}],"failureMessages":["RangeError: Maximum call stack size exceeded\n    at draw (C:\\Users\\hp\\Desktop\\NEXUS.DAWN\\src\\components\\EmotionalResonance.tsx:47:18)\n    at animate (C:\\Users\\hp\\Desktop\\NEXUS.DAWN\\src\\components\\EmotionalResonance.tsx:101:7)\n    at C:\\Users\\hp\\Desktop\\NEXUS.DAWN\\src\\components\\__tests__\\EmotionalResonance.test.tsx:16:7\n    at C:\\Users\\hp\\Desktop\\NEXUS.DAWN\\node_modules\\jest-mock\\build\\index.js:397:39\n    at C:\\Users\\hp\\Desktop\\NEXUS.DAWN\\node_modules\\jest-mock\\build\\index.js:404:13\n    at mockConstructor (C:\\Users\\hp\\Desktop\\NEXUS.DAWN\\node_modules\\jest-mock\\build\\index.js:148:19)\n    at animate (C:\\Users\\hp\\Desktop\\NEXUS.DAWN\\src\\components\\EmotionalResonance.tsx:102:35)\n    at C:\\Users\\hp\\Desktop\\NEXUS.DAWN\\src\\components\\__tests__\\EmotionalResonance.test.tsx:16:7\n    at C:\\Users\\hp\\Desktop\\NEXUS.DAWN\\node_modules\\jest-mock\\build\\index.js:397:39\n    at C:\\Users\\hp\\Desktop\\NEXUS.DAWN\\node_modules\\jest-mock\\build\\index.js:404:13\n    at mockConstructor (C:\\Users\\hp\\Desktop\\NEXUS.DAWN\\node_modules\\jest-mock\\build\\index.js:148:19)\n    at animate (C:\\Users\\hp\\Desktop\\NEXUS.DAWN\\src\\components\\EmotionalResonance.tsx:102:35)\n    at C:\\Users\\hp\\Desktop\\NEXUS.DAWN\\src\\components\\__tests__\\EmotionalResonance.test.tsx:16:7\n    at C:\\Users\\hp\\Desktop\\NEXUS.DAWN\\node_modules\\jest-mock\\build\\index.js:397:39\n    at C:\\Users\\hp\\Desktop\\NEXUS.DAWN\\node_modules\\jest-mock\\build\\index.js:404:13\n    at mockConstructor (C:\\Users\\hp\\Desktop\\NEXUS.DAWN\\node_modules\\jest-mock\\build\\index.js:148:19)\n    at animate (C:\\Users\\hp\\Desktop\\NEXUS.DAWN\\src\\components\\EmotionalResonance.tsx:102:35)\n    at C:\\Users\\hp\\Desktop\\NEXUS.DAWN\\src\\components\\__tests__\\EmotionalResonance.test.tsx:16:7\n    at C:\\Users\\hp\\Desktop\\NEXUS.DAWN\\node_modules\\jest-mock\\build\\index.js:397:39\n    at C:\\Users\\hp\\Desktop\\NEXUS.DAWN\\node_modules\\jest-mock\\build\\index.js:404:13\n    at mockConstructor (C:\\Users\\hp\\Desktop\\NEXUS.DAWN\\node_modules\\jest-mock\\build\\index.js:148:19)\n    at animate (C:\\Users\\hp\\Desktop\\NEXUS.DAWN\\src\\components\\EmotionalResonance.tsx:102:35)\n    at C:\\Users\\hp\\Desktop\\NEXUS.DAWN\\src\\components\\__tests__\\EmotionalResonance.test.tsx:16:7\n    at C:\\Users\\hp\\Desktop\\NEXUS.DAWN\\node_modules\\jest-mock\\build\\index.js:397:39\n    at C:\\Users\\hp\\Desktop\\NEXUS.DAWN\\node_modules\\jest-mock\\build\\index.js:404:13\n    at mockConstructor (C:\\Users\\hp\\Desktop\\NEXUS.DAWN\\node_modules\\jest-mock\\build\\index.js:148:19)\n    at animate (C:\\Users\\hp\\Desktop\\NEXUS.DAWN\\src\\components\\EmotionalResonance.tsx:102:35)\n    at C:\\Users\\hp\\Desktop\\NEXUS.DAWN\\src\\components\\__tests__\\EmotionalResonance.test.tsx:16:7\n    at C:\\Users\\hp\\Desktop\\NEXUS.DAWN\\node_modules\\jest-mock\\build\\index.js:397:39\n    at C:\\Users\\hp\\Desktop\\NEXUS.DAWN\\node_modules\\jest-mock\\build\\index.js:404:13\n    at mockConstructor (C:\\Users\\hp\\Desktop\\NEXUS.DAWN\\node_modules\\jest-mock\\build\\index.js:148:19)\n    at animate (C:\\Users\\hp\\Desktop\\NEXUS.DAWN\\src\\components\\EmotionalResonance.tsx:102:35)\n    at C:\\Users\\hp\\Desktop\\NEXUS.DAWN\\src\\components\\__tests__\\EmotionalResonance.test.tsx:16:7\n    at C:\\Users\\hp\\Desktop\\NEXUS.DAWN\\node_modules\\jest-mock\\build\\index.js:397:39\n    at C:\\Users\\hp\\Desktop\\NEXUS.DAWN\\node_modules\\jest-mock\\build\\index.js:404:13\n    at mockConstructor (C:\\Users\\hp\\Desktop\\NEXUS.DAWN\\node_modules\\jest-mock\\build\\index.js:148:19)\n    at animate (C:\\Users\\hp\\Desktop\\NEXUS.DAWN\\src\\components\\EmotionalResonance.tsx:102:35)\n    at C:\\Users\\hp\\Desktop\\NEXUS.DAWN\\src\\components\\__tests__\\EmotionalResonance.test.tsx:16:7\n    at C:\\Users\\hp\\Desktop\\NEXUS.DAWN\\node_modules\\jest-mock\\build\\index.js:397:39\n    at C:\\Users\\hp\\Desktop\\NEXUS.DAWN\\node_modules\\jest-mock\\build\\index.js:404:13\n    at mockConstructor (C:\\Users\\hp\\Desktop\\NEXUS.DAWN\\node_modules\\jest-mock\\build\\index.js:148:19)\n    at animate (C:\\Users\\hp\\Desktop\\NEXUS.DAWN\\src\\components\\EmotionalResonance.tsx:102:35)\n    at C:\\Users\\hp\\Desktop\\NEXUS.DAWN\\src\\components\\__tests__\\EmotionalResonance.test.tsx:16:7\n    at C:\\Users\\hp\\Desktop\\NEXUS.DAWN\\node_modules\\jest-mock\\build\\index.js:397:39\n    at C:\\Users\\hp\\Desktop\\NEXUS.DAWN\\node_modules\\jest-mock\\build\\index.js:404:13\n    at mockConstructor (C:\\Users\\hp\\Desktop\\NEXUS.DAWN\\node_modules\\jest-mock\\build\\index.js:148:19)\n    at animate (C:\\Users\\hp\\Desktop\\NEXUS.DAWN\\src\\components\\EmotionalResonance.tsx:102:35)\n    at C:\\Users\\hp\\Desktop\\NEXUS.DAWN\\src\\components\\__tests__\\EmotionalResonance.test.tsx:16:7\n    at C:\\Users\\hp\\Desktop\\NEXUS.DAWN\\node_modules\\jest-mock\\build\\index.js:397:39\n    at C:\\Users\\hp\\Desktop\\NEXUS.DAWN\\node_modules\\jest-mock\\build\\index.js:404:13\n    at mockConstructor (C:\\Users\\hp\\Desktop\\NEXUS.DAWN\\node_modules\\jest-mock\\build\\index.js:148:19)\n    at animate (C:\\Users\\hp\\Desktop\\NEXUS.DAWN\\src\\components\\EmotionalResonance.tsx:102:35)\n    at C:\\Users\\hp\\Desktop\\NEXUS.DAWN\\src\\components\\__tests__\\EmotionalResonance.test.tsx:16:7\n    at C:\\Users\\hp\\Desktop\\NEXUS.DAWN\\node_modules\\jest-mock\\build\\index.js:397:39\n    at C:\\Users\\hp\\Desktop\\NEXUS.DAWN\\node_modules\\jest-mock\\build\\index.js:404:13\n    at mockConstructor (C:\\Users\\hp\\Desktop\\NEXUS.DAWN\\node_modules\\jest-mock\\build\\index.js:148:19)\n    at animate (C:\\Users\\hp\\Desktop\\NEXUS.DAWN\\src\\components\\EmotionalResonance.tsx:102:35)\n    at C:\\Users\\hp\\Desktop\\NEXUS.DAWN\\src\\components\\__tests__\\EmotionalResonance.test.tsx:16:7\n    at C:\\Users\\hp\\Desktop\\NEXUS.DAWN\\node_modules\\jest-mock\\build\\index.js:397:39\n    at C:\\Users\\hp\\Desktop\\NEXUS.DAWN\\node_modules\\jest-mock\\build\\index.js:404:13\n    at mockConstructor (C:\\Users\\hp\\Desktop\\NEXUS.DAWN\\node_modules\\jest-mock\\build\\index.js:148:19)\n    at animate (C:\\Users\\hp\\Desktop\\NEXUS.DAWN\\src\\components\\EmotionalResonance.tsx:102:35)\n    at C:\\Users\\hp\\Desktop\\NEXUS.DAWN\\src\\components\\__tests__\\EmotionalResonance.test.tsx:16:7\n    at C:\\Users\\hp\\Desktop\\NEXUS.DAWN\\node_modules\\jest-mock\\build\\index.js:397:39\n    at C:\\Users\\hp\\Desktop\\NEXUS.DAWN\\node_modules\\jest-mock\\build\\index.js:404:13\n    at mockConstructor (C:\\Users\\hp\\Desktop\\NEXUS.DAWN\\node_modules\\jest-mock\\build\\index.js:148:19)\n    at animate (C:\\Users\\hp\\Desktop\\NEXUS.DAWN\\src\\components\\EmotionalResonance.tsx:102:35)\n    at C:\\Users\\hp\\Desktop\\NEXUS.DAWN\\src\\components\\__tests__\\EmotionalResonance.test.tsx:16:7\n    at C:\\Users\\hp\\Desktop\\NEXUS.DAWN\\node_modules\\jest-mock\\build\\index.js:397:39\n    at C:\\Users\\hp\\Desktop\\NEXUS.DAWN\\node_modules\\jest-mock\\build\\index.js:404:13\n    at mockConstructor (C:\\Users\\hp\\Desktop\\NEXUS.DAWN\\node_modules\\jest-mock\\build\\index.js:148:19)\n    at animate (C:\\Users\\hp\\Desktop\\NEXUS.DAWN\\src\\components\\EmotionalResonance.tsx:102:35)\n    at C:\\Users\\hp\\Desktop\\NEXUS.DAWN\\src\\components\\__tests__\\EmotionalResonance.test.tsx:16:7\n    at C:\\Users\\hp\\Desktop\\NEXUS.DAWN\\node_modules\\jest-mock\\build\\index.js:397:39\n    at C:\\Users\\hp\\Desktop\\NEXUS.DAWN\\node_modules\\jest-mock\\build\\index.js:404:13\n    at mockConstructor (C:\\Users\\hp\\Desktop\\NEXUS.DAWN\\node_modules\\jest-mock\\build\\index.js:148:19)\n    at animate (C:\\Users\\hp\\Desktop\\NEXUS.DAWN\\src\\components\\EmotionalResonance.tsx:102:35)\n    at C:\\Users\\hp\\Desktop\\NEXUS.DAWN\\src\\components\\__tests__\\EmotionalResonance.test.tsx:16:7\n    at C:\\Users\\hp\\Desktop\\NEXUS.DAWN\\node_modules\\jest-mock\\build\\index.js:397:39\n    at C:\\Users\\hp\\Desktop\\NEXUS.DAWN\\node_modules\\jest-mock\\build\\index.js:404:13\n    at mockConstructor (C:\\Users\\hp\\Desktop\\NEXUS.DAWN\\node_modules\\jest-mock\\build\\index.js:148:19)\n    at animate (C:\\Users\\hp\\Desktop\\NEXUS.DAWN\\src\\components\\EmotionalResonance.tsx:102:35)\n    at C:\\Users\\hp\\Desktop\\NEXUS.DAWN\\src\\components\\__tests__\\EmotionalResonance.test.tsx:16:7\n    at C:\\Users\\hp\\Desktop\\NEXUS.DAWN\\node_modules\\jest-mock\\build\\index.js:397:39\n    at C:\\Users\\hp\\Desktop\\NEXUS.DAWN\\node_modules\\jest-mock\\build\\index.js:404:13\n    at mockConstructor (C:\\Users\\hp\\Desktop\\NEXUS.DAWN\\node_modules\\jest-mock\\build\\index.js:148:19)\n    at animate (C:\\Users\\hp\\Desktop\\NEXUS.DAWN\\src\\components\\EmotionalResonance.tsx:102:35)\n    at C:\\Users\\hp\\Desktop\\NEXUS.DAWN\\src\\components\\__tests__\\EmotionalResonance.test.tsx:16:7\n    at C:\\Users\\hp\\Desktop\\NEXUS.DAWN\\node_modules\\jest-mock\\build\\index.js:397:39\n    at C:\\Users\\hp\\Desktop\\NEXUS.DAWN\\node_modules\\jest-mock\\build\\index.js:404:13\n    at mockConstructor (C:\\Users\\hp\\Desktop\\NEXUS.DAWN\\node_modules\\jest-mock\\build\\index.js:148:19)\n    at animate (C:\\Users\\hp\\Desktop\\NEXUS.DAWN\\src\\components\\EmotionalResonance.tsx:102:35)\n    at C:\\Users\\hp\\Desktop\\NEXUS.DAWN\\src\\components\\__tests__\\EmotionalResonance.test.tsx:16:7\n    at C:\\Users\\hp\\Desktop\\NEXUS.DAWN\\node_modules\\jest-mock\\build\\index.js:397:39\n    at C:\\Users\\hp\\Desktop\\NEXUS.DAWN\\node_modules\\jest-mock\\build\\index.js:404:13\n    at mockConstructor (C:\\Users\\hp\\Desktop\\NEXUS.DAWN\\node_modules\\jest-mock\\build\\index.js:148:19)\n    at animate (C:\\Users\\hp\\Desktop\\NEXUS.DAWN\\src\\components\\EmotionalResonance.tsx:102:35)\n    at C:\\Users\\hp\\Desktop\\NEXUS.DAWN\\src\\components\\__tests__\\EmotionalResonance.test.tsx:16:7\n    at C:\\Users\\hp\\Desktop\\NEXUS.DAWN\\node_modules\\jest-mock\\build\\index.js:397:39\n    at C:\\Users\\hp\\Desktop\\NEXUS.DAWN\\node_modules\\jest-mock\\build\\index.js:404:13"],"fullName":"EmotionalResonance clamps values between 0 and 1","invocations":1,"location":null,"numPassingAsserts":0,"retryReasons":[],"status":"failed","title":"clamps values between 0 and 1"},{"ancestorTitles":["EmotionalResonance"],"duration":104,"failureDetails":[{}],"failureMessages":["RangeError: Maximum call stack size exceeded\n    at draw (C:\\Users\\hp\\Desktop\\NEXUS.DAWN\\src\\components\\EmotionalResonance.tsx:47:18)\n    at animate (C:\\Users\\hp\\Desktop\\NEXUS.DAWN\\src\\components\\EmotionalResonance.tsx:101:7)\n    at C:\\Users\\hp\\Desktop\\NEXUS.DAWN\\src\\components\\__tests__\\EmotionalResonance.test.tsx:16:7\n    at C:\\Users\\hp\\Desktop\\NEXUS.DAWN\\node_modules\\jest-mock\\build\\index.js:397:39\n    at C:\\Users\\hp\\Desktop\\NEXUS.DAWN\\node_modules\\jest-mock\\build\\index.js:404:13\n    at mockConstructor (C:\\Users\\hp\\Desktop\\NEXUS.DAWN\\node_modules\\jest-mock\\build\\index.js:148:19)\n    at animate (C:\\Users\\hp\\Desktop\\NEXUS.DAWN\\src\\components\\EmotionalResonance.tsx:102:35)\n    at C:\\Users\\hp\\Desktop\\NEXUS.DAWN\\src\\components\\__tests__\\EmotionalResonance.test.tsx:16:7\n    at C:\\Users\\hp\\Desktop\\NEXUS.DAWN\\node_modules\\jest-mock\\build\\index.js:397:39\n    at C:\\Users\\hp\\Desktop\\NEXUS.DAWN\\node_modules\\jest-mock\\build\\index.js:404:13\n    at mockConstructor (C:\\Users\\hp\\Desktop\\NEXUS.DAWN\\node_modules\\jest-mock\\build\\index.js:148:19)\n    at animate (C:\\Users\\hp\\Desktop\\NEXUS.DAWN\\src\\components\\EmotionalResonance.tsx:102:35)\n    at C:\\Users\\hp\\Desktop\\NEXUS.DAWN\\src\\components\\__tests__\\EmotionalResonance.test.tsx:16:7\n    at C:\\Users\\hp\\Desktop\\NEXUS.DAWN\\node_modules\\jest-mock\\build\\index.js:397:39\n    at C:\\Users\\hp\\Desktop\\NEXUS.DAWN\\node_modules\\jest-mock\\build\\index.js:404:13\n    at mockConstructor (C:\\Users\\hp\\Desktop\\NEXUS.DAWN\\node_modules\\jest-mock\\build\\index.js:148:19)\n    at animate (C:\\Users\\hp\\Desktop\\NEXUS.DAWN\\src\\components\\EmotionalResonance.tsx:102:35)\n    at C:\\Users\\hp\\Desktop\\NEXUS.DAWN\\src\\components\\__tests__\\EmotionalResonance.test.tsx:16:7\n    at C:\\Users\\hp\\Desktop\\NEXUS.DAWN\\node_modules\\jest-mock\\build\\index.js:397:39\n    at C:\\Users\\hp\\Desktop\\NEXUS.DAWN\\node_modules\\jest-mock\\build\\index.js:404:13\n    at mockConstructor (C:\\Users\\hp\\Desktop\\NEXUS.DAWN\\node_modules\\jest-mock\\build\\index.js:148:19)\n    at animate (C:\\Users\\hp\\Desktop\\NEXUS.DAWN\\src\\components\\EmotionalResonance.tsx:102:35)\n    at C:\\Users\\hp\\Desktop\\NEXUS.DAWN\\src\\components\\__tests__\\EmotionalResonance.test.tsx:16:7\n    at C:\\Users\\hp\\Desktop\\NEXUS.DAWN\\node_modules\\jest-mock\\build\\index.js:397:39\n    at C:\\Users\\hp\\Desktop\\NEXUS.DAWN\\node_modules\\jest-mock\\build\\index.js:404:13\n    at mockConstructor (C:\\Users\\hp\\Desktop\\NEXUS.DAWN\\node_modules\\jest-mock\\build\\index.js:148:19)\n    at animate (C:\\Users\\hp\\Desktop\\NEXUS.DAWN\\src\\components\\EmotionalResonance.tsx:102:35)\n    at C:\\Users\\hp\\Desktop\\NEXUS.DAWN\\src\\components\\__tests__\\EmotionalResonance.test.tsx:16:7\n    at C:\\Users\\hp\\Desktop\\NEXUS.DAWN\\node_modules\\jest-mock\\build\\index.js:397:39\n    at C:\\Users\\hp\\Desktop\\NEXUS.DAWN\\node_modules\\jest-mock\\build\\index.js:404:13\n    at mockConstructor (C:\\Users\\hp\\Desktop\\NEXUS.DAWN\\node_modules\\jest-mock\\build\\index.js:148:19)\n    at animate (C:\\Users\\hp\\Desktop\\NEXUS.DAWN\\src\\components\\EmotionalResonance.tsx:102:35)\n    at C:\\Users\\hp\\Desktop\\NEXUS.DAWN\\src\\components\\__tests__\\EmotionalResonance.test.tsx:16:7\n    at C:\\Users\\hp\\Desktop\\NEXUS.DAWN\\node_modules\\jest-mock\\build\\index.js:397:39\n    at C:\\Users\\hp\\Desktop\\NEXUS.DAWN\\node_modules\\jest-mock\\build\\index.js:404:13\n    at mockConstructor (C:\\Users\\hp\\Desktop\\NEXUS.DAWN\\node_modules\\jest-mock\\build\\index.js:148:19)\n    at animate (C:\\Users\\hp\\Desktop\\NEXUS.DAWN\\src\\components\\EmotionalResonance.tsx:102:35)\n    at C:\\Users\\hp\\Desktop\\NEXUS.DAWN\\src\\components\\__tests__\\EmotionalResonance.test.tsx:16:7\n    at C:\\Users\\hp\\Desktop\\NEXUS.DAWN\\node_modules\\jest-mock\\build\\index.js:397:39\n    at C:\\Users\\hp\\Desktop\\NEXUS.DAWN\\node_modules\\jest-mock\\build\\index.js:404:13\n    at mockConstructor (C:\\Users\\hp\\Desktop\\NEXUS.DAWN\\node_modules\\jest-mock\\build\\index.js:148:19)\n    at animate (C:\\Users\\hp\\Desktop\\NEXUS.DAWN\\src\\components\\EmotionalResonance.tsx:102:35)\n    at C:\\Users\\hp\\Desktop\\NEXUS.DAWN\\src\\components\\__tests__\\EmotionalResonance.test.tsx:16:7\n    at C:\\Users\\hp\\Desktop\\NEXUS.DAWN\\node_modules\\jest-mock\\build\\index.js:397:39\n    at C:\\Users\\hp\\Desktop\\NEXUS.DAWN\\node_modules\\jest-mock\\build\\index.js:404:13\n    at mockConstructor (C:\\Users\\hp\\Desktop\\NEXUS.DAWN\\node_modules\\jest-mock\\build\\index.js:148:19)\n    at animate (C:\\Users\\hp\\Desktop\\NEXUS.DAWN\\src\\components\\EmotionalResonance.tsx:102:35)\n    at C:\\Users\\hp\\Desktop\\NEXUS.DAWN\\src\\components\\__tests__\\EmotionalResonance.test.tsx:16:7\n    at C:\\Users\\hp\\Desktop\\NEXUS.DAWN\\node_modules\\jest-mock\\build\\index.js:397:39\n    at C:\\Users\\hp\\Desktop\\NEXUS.DAWN\\node_modules\\jest-mock\\build\\index.js:404:13\n    at mockConstructor (C:\\Users\\hp\\Desktop\\NEXUS.DAWN\\node_modules\\jest-mock\\build\\index.js:148:19)\n    at animate (C:\\Users\\hp\\Desktop\\NEXUS.DAWN\\src\\components\\EmotionalResonance.tsx:102:35)\n    at C:\\Users\\hp\\Desktop\\NEXUS.DAWN\\src\\components\\__tests__\\EmotionalResonance.test.tsx:16:7\n    at C:\\Users\\hp\\Desktop\\NEXUS.DAWN\\node_modules\\jest-mock\\build\\index.js:397:39\n    at C:\\Users\\hp\\Desktop\\NEXUS.DAWN\\node_modules\\jest-mock\\build\\index.js:404:13\n    at mockConstructor (C:\\Users\\hp\\Desktop\\NEXUS.DAWN\\node_modules\\jest-mock\\build\\index.js:148:19)\n    at animate (C:\\Users\\hp\\Desktop\\NEXUS.DAWN\\src\\components\\EmotionalResonance.tsx:102:35)\n    at C:\\Users\\hp\\Desktop\\NEXUS.DAWN\\src\\components\\__tests__\\EmotionalResonance.test.tsx:16:7\n    at C:\\Users\\hp\\Desktop\\NEXUS.DAWN\\node_modules\\jest-mock\\build\\index.js:397:39\n    at C:\\Users\\hp\\Desktop\\NEXUS.DAWN\\node_modules\\jest-mock\\build\\index.js:404:13\n    at mockConstructor (C:\\Users\\hp\\Desktop\\NEXUS.DAWN\\node_modules\\jest-mock\\build\\index.js:148:19)\n    at animate (C:\\Users\\hp\\Desktop\\NEXUS.DAWN\\src\\components\\EmotionalResonance.tsx:102:35)\n    at C:\\Users\\hp\\Desktop\\NEXUS.DAWN\\src\\components\\__tests__\\EmotionalResonance.test.tsx:16:7\n    at C:\\Users\\hp\\Desktop\\NEXUS.DAWN\\node_modules\\jest-mock\\build\\index.js:397:39\n    at C:\\Users\\hp\\Desktop\\NEXUS.DAWN\\node_modules\\jest-mock\\build\\index.js:404:13\n    at mockConstructor (C:\\Users\\hp\\Desktop\\NEXUS.DAWN\\node_modules\\jest-mock\\build\\index.js:148:19)\n    at animate (C:\\Users\\hp\\Desktop\\NEXUS.DAWN\\src\\components\\EmotionalResonance.tsx:102:35)\n    at C:\\Users\\hp\\Desktop\\NEXUS.DAWN\\src\\components\\__tests__\\EmotionalResonance.test.tsx:16:7\n    at C:\\Users\\hp\\Desktop\\NEXUS.DAWN\\node_modules\\jest-mock\\build\\index.js:397:39\n    at C:\\Users\\hp\\Desktop\\NEXUS.DAWN\\node_modules\\jest-mock\\build\\index.js:404:13\n    at mockConstructor (C:\\Users\\hp\\Desktop\\NEXUS.DAWN\\node_modules\\jest-mock\\build\\index.js:148:19)\n    at animate (C:\\Users\\hp\\Desktop\\NEXUS.DAWN\\src\\components\\EmotionalResonance.tsx:102:35)\n    at C:\\Users\\hp\\Desktop\\NEXUS.DAWN\\src\\components\\__tests__\\EmotionalResonance.test.tsx:16:7\n    at C:\\Users\\hp\\Desktop\\NEXUS.DAWN\\node_modules\\jest-mock\\build\\index.js:397:39\n    at C:\\Users\\hp\\Desktop\\NEXUS.DAWN\\node_modules\\jest-mock\\build\\index.js:404:13\n    at mockConstructor (C:\\Users\\hp\\Desktop\\NEXUS.DAWN\\node_modules\\jest-mock\\build\\index.js:148:19)\n    at animate (C:\\Users\\hp\\Desktop\\NEXUS.DAWN\\src\\components\\EmotionalResonance.tsx:102:35)\n    at C:\\Users\\hp\\Desktop\\NEXUS.DAWN\\src\\components\\__tests__\\EmotionalResonance.test.tsx:16:7\n    at C:\\Users\\hp\\Desktop\\NEXUS.DAWN\\node_modules\\jest-mock\\build\\index.js:397:39\n    at C:\\Users\\hp\\Desktop\\NEXUS.DAWN\\node_modules\\jest-mock\\build\\index.js:404:13\n    at mockConstructor (C:\\Users\\hp\\Desktop\\NEXUS.DAWN\\node_modules\\jest-mock\\build\\index.js:148:19)\n    at animate (C:\\Users\\hp\\Desktop\\NEXUS.DAWN\\src\\components\\EmotionalResonance.tsx:102:35)\n    at C:\\Users\\hp\\Desktop\\NEXUS.DAWN\\src\\components\\__tests__\\EmotionalResonance.test.tsx:16:7\n    at C:\\Users\\hp\\Desktop\\NEXUS.DAWN\\node_modules\\jest-mock\\build\\index.js:397:39\n    at C:\\Users\\hp\\Desktop\\NEXUS.DAWN\\node_modules\\jest-mock\\build\\index.js:404:13\n    at mockConstructor (C:\\Users\\hp\\Desktop\\NEXUS.DAWN\\node_modules\\jest-mock\\build\\index.js:148:19)\n    at animate (C:\\Users\\hp\\Desktop\\NEXUS.DAWN\\src\\components\\EmotionalResonance.tsx:102:35)\n    at C:\\Users\\hp\\Desktop\\NEXUS.DAWN\\src\\components\\__tests__\\EmotionalResonance.test.tsx:16:7\n    at C:\\Users\\hp\\Desktop\\NEXUS.DAWN\\node_modules\\jest-mock\\build\\index.js:397:39\n    at C:\\Users\\hp\\Desktop\\NEXUS.DAWN\\node_modules\\jest-mock\\build\\index.js:404:13\n    at mockConstructor (C:\\Users\\hp\\Desktop\\NEXUS.DAWN\\node_modules\\jest-mock\\build\\index.js:148:19)\n    at animate (C:\\Users\\hp\\Desktop\\NEXUS.DAWN\\src\\components\\EmotionalResonance.tsx:102:35)\n    at C:\\Users\\hp\\Desktop\\NEXUS.DAWN\\src\\components\\__tests__\\EmotionalResonance.test.tsx:16:7\n    at C:\\Users\\hp\\Desktop\\NEXUS.DAWN\\node_modules\\jest-mock\\build\\index.js:397:39\n    at C:\\Users\\hp\\Desktop\\NEXUS.DAWN\\node_modules\\jest-mock\\build\\index.js:404:13\n    at mockConstructor (C:\\Users\\hp\\Desktop\\NEXUS.DAWN\\node_modules\\jest-mock\\build\\index.js:148:19)\n    at animate (C:\\Users\\hp\\Desktop\\NEXUS.DAWN\\src\\components\\EmotionalResonance.tsx:102:35)\n    at C:\\Users\\hp\\Desktop\\NEXUS.DAWN\\src\\components\\__tests__\\EmotionalResonance.test.tsx:16:7\n    at C:\\Users\\hp\\Desktop\\NEXUS.DAWN\\node_modules\\jest-mock\\build\\index.js:397:39\n    at C:\\Users\\hp\\Desktop\\NEXUS.DAWN\\node_modules\\jest-mock\\build\\index.js:404:13"],"fullName":"EmotionalResonance handles cosmic mode color transitions","invocations":1,"location":null,"numPassingAsserts":0,"retryReasons":[],"status":"failed","title":"handles cosmic mode color transitions"},{"ancestorTitles":["EmotionalResonance"],"duration":88,"failureDetails":[{}],"failureMessages":["RangeError: Maximum call stack size exceeded\n    at draw (C:\\Users\\hp\\Desktop\\NEXUS.DAWN\\src\\components\\EmotionalResonance.tsx:47:18)\n    at animate (C:\\Users\\hp\\Desktop\\NEXUS.DAWN\\src\\components\\EmotionalResonance.tsx:101:7)\n    at C:\\Users\\hp\\Desktop\\NEXUS.DAWN\\src\\components\\__tests__\\EmotionalResonance.test.tsx:16:7\n    at C:\\Users\\hp\\Desktop\\NEXUS.DAWN\\node_modules\\jest-mock\\build\\index.js:397:39\n    at C:\\Users\\hp\\Desktop\\NEXUS.DAWN\\node_modules\\jest-mock\\build\\index.js:404:13\n    at mockConstructor (C:\\Users\\hp\\Desktop\\NEXUS.DAWN\\node_modules\\jest-mock\\build\\index.js:148:19)\n    at animate (C:\\Users\\hp\\Desktop\\NEXUS.DAWN\\src\\components\\EmotionalResonance.tsx:102:35)\n    at C:\\Users\\hp\\Desktop\\NEXUS.DAWN\\src\\components\\__tests__\\EmotionalResonance.test.tsx:16:7\n    at C:\\Users\\hp\\Desktop\\NEXUS.DAWN\\node_modules\\jest-mock\\build\\index.js:397:39\n    at C:\\Users\\hp\\Desktop\\NEXUS.DAWN\\node_modules\\jest-mock\\build\\index.js:404:13\n    at mockConstructor (C:\\Users\\hp\\Desktop\\NEXUS.DAWN\\node_modules\\jest-mock\\build\\index.js:148:19)\n    at animate (C:\\Users\\hp\\Desktop\\NEXUS.DAWN\\src\\components\\EmotionalResonance.tsx:102:35)\n    at C:\\Users\\hp\\Desktop\\NEXUS.DAWN\\src\\components\\__tests__\\EmotionalResonance.test.tsx:16:7\n    at C:\\Users\\hp\\Desktop\\NEXUS.DAWN\\node_modules\\jest-mock\\build\\index.js:397:39\n    at C:\\Users\\hp\\Desktop\\NEXUS.DAWN\\node_modules\\jest-mock\\build\\index.js:404:13\n    at mockConstructor (C:\\Users\\hp\\Desktop\\NEXUS.DAWN\\node_modules\\jest-mock\\build\\index.js:148:19)\n    at animate (C:\\Users\\hp\\Desktop\\NEXUS.DAWN\\src\\components\\EmotionalResonance.tsx:102:35)\n    at C:\\Users\\hp\\Desktop\\NEXUS.DAWN\\src\\components\\__tests__\\EmotionalResonance.test.tsx:16:7\n    at C:\\Users\\hp\\Desktop\\NEXUS.DAWN\\node_modules\\jest-mock\\build\\index.js:397:39\n    at C:\\Users\\hp\\Desktop\\NEXUS.DAWN\\node_modules\\jest-mock\\build\\index.js:404:13\n    at mockConstructor (C:\\Users\\hp\\Desktop\\NEXUS.DAWN\\node_modules\\jest-mock\\build\\index.js:148:19)\n    at animate (C:\\Users\\hp\\Desktop\\NEXUS.DAWN\\src\\components\\EmotionalResonance.tsx:102:35)\n    at C:\\Users\\hp\\Desktop\\NEXUS.DAWN\\src\\components\\__tests__\\EmotionalResonance.test.tsx:16:7\n    at C:\\Users\\hp\\Desktop\\NEXUS.DAWN\\node_modules\\jest-mock\\build\\index.js:397:39\n    at C:\\Users\\hp\\Desktop\\NEXUS.DAWN\\node_modules\\jest-mock\\build\\index.js:404:13\n    at mockConstructor (C:\\Users\\hp\\Desktop\\NEXUS.DAWN\\node_modules\\jest-mock\\build\\index.js:148:19)\n    at animate (C:\\Users\\hp\\Desktop\\NEXUS.DAWN\\src\\components\\EmotionalResonance.tsx:102:35)\n    at C:\\Users\\hp\\Desktop\\NEXUS.DAWN\\src\\components\\__tests__\\EmotionalResonance.test.tsx:16:7\n    at C:\\Users\\hp\\Desktop\\NEXUS.DAWN\\node_modules\\jest-mock\\build\\index.js:397:39\n    at C:\\Users\\hp\\Desktop\\NEXUS.DAWN\\node_modules\\jest-mock\\build\\index.js:404:13\n    at mockConstructor (C:\\Users\\hp\\Desktop\\NEXUS.DAWN\\node_modules\\jest-mock\\build\\index.js:148:19)\n    at animate (C:\\Users\\hp\\Desktop\\NEXUS.DAWN\\src\\components\\EmotionalResonance.tsx:102:35)\n    at C:\\Users\\hp\\Desktop\\NEXUS.DAWN\\src\\components\\__tests__\\EmotionalResonance.test.tsx:16:7\n    at C:\\Users\\hp\\Desktop\\NEXUS.DAWN\\node_modules\\jest-mock\\build\\index.js:397:39\n    at C:\\Users\\hp\\Desktop\\NEXUS.DAWN\\node_modules\\jest-mock\\build\\index.js:404:13\n    at mockConstructor (C:\\Users\\hp\\Desktop\\NEXUS.DAWN\\node_modules\\jest-mock\\build\\index.js:148:19)\n    at animate (C:\\Users\\hp\\Desktop\\NEXUS.DAWN\\src\\components\\EmotionalResonance.tsx:102:35)\n    at C:\\Users\\hp\\Desktop\\NEXUS.DAWN\\src\\components\\__tests__\\EmotionalResonance.test.tsx:16:7\n    at C:\\Users\\hp\\Desktop\\NEXUS.DAWN\\node_modules\\jest-mock\\build\\index.js:397:39\n    at C:\\Users\\hp\\Desktop\\NEXUS.DAWN\\node_modules\\jest-mock\\build\\index.js:404:13\n    at mockConstructor (C:\\Users\\hp\\Desktop\\NEXUS.DAWN\\node_modules\\jest-mock\\build\\index.js:148:19)\n    at animate (C:\\Users\\hp\\Desktop\\NEXUS.DAWN\\src\\components\\EmotionalResonance.tsx:102:35)\n    at C:\\Users\\hp\\Desktop\\NEXUS.DAWN\\src\\components\\__tests__\\EmotionalResonance.test.tsx:16:7\n    at C:\\Users\\hp\\Desktop\\NEXUS.DAWN\\node_modules\\jest-mock\\build\\index.js:397:39\n    at C:\\Users\\hp\\Desktop\\NEXUS.DAWN\\node_modules\\jest-mock\\build\\index.js:404:13\n    at mockConstructor (C:\\Users\\hp\\Desktop\\NEXUS.DAWN\\node_modules\\jest-mock\\build\\index.js:148:19)\n    at animate (C:\\Users\\hp\\Desktop\\NEXUS.DAWN\\src\\components\\EmotionalResonance.tsx:102:35)\n    at C:\\Users\\hp\\Desktop\\NEXUS.DAWN\\src\\components\\__tests__\\EmotionalResonance.test.tsx:16:7\n    at C:\\Users\\hp\\Desktop\\NEXUS.DAWN\\node_modules\\jest-mock\\build\\index.js:397:39\n    at C:\\Users\\hp\\Desktop\\NEXUS.DAWN\\node_modules\\jest-mock\\build\\index.js:404:13\n    at mockConstructor (C:\\Users\\hp\\Desktop\\NEXUS.DAWN\\node_modules\\jest-mock\\build\\index.js:148:19)\n    at animate (C:\\Users\\hp\\Desktop\\NEXUS.DAWN\\src\\components\\EmotionalResonance.tsx:102:35)\n    at C:\\Users\\hp\\Desktop\\NEXUS.DAWN\\src\\components\\__tests__\\EmotionalResonance.test.tsx:16:7\n    at C:\\Users\\hp\\Desktop\\NEXUS.DAWN\\node_modules\\jest-mock\\build\\index.js:397:39\n    at C:\\Users\\hp\\Desktop\\NEXUS.DAWN\\node_modules\\jest-mock\\build\\index.js:404:13\n    at mockConstructor (C:\\Users\\hp\\Desktop\\NEXUS.DAWN\\node_modules\\jest-mock\\build\\index.js:148:19)\n    at animate (C:\\Users\\hp\\Desktop\\NEXUS.DAWN\\src\\components\\EmotionalResonance.tsx:102:35)\n    at C:\\Users\\hp\\Desktop\\NEXUS.DAWN\\src\\components\\__tests__\\EmotionalResonance.test.tsx:16:7\n    at C:\\Users\\hp\\Desktop\\NEXUS.DAWN\\node_modules\\jest-mock\\build\\index.js:397:39\n    at C:\\Users\\hp\\Desktop\\NEXUS.DAWN\\node_modules\\jest-mock\\build\\index.js:404:13\n    at mockConstructor (C:\\Users\\hp\\Desktop\\NEXUS.DAWN\\node_modules\\jest-mock\\build\\index.js:148:19)\n    at animate (C:\\Users\\hp\\Desktop\\NEXUS.DAWN\\src\\components\\EmotionalResonance.tsx:102:35)\n    at C:\\Users\\hp\\Desktop\\NEXUS.DAWN\\src\\components\\__tests__\\EmotionalResonance.test.tsx:16:7\n    at C:\\Users\\hp\\Desktop\\NEXUS.DAWN\\node_modules\\jest-mock\\build\\index.js:397:39\n    at C:\\Users\\hp\\Desktop\\NEXUS.DAWN\\node_modules\\jest-mock\\build\\index.js:404:13\n    at mockConstructor (C:\\Users\\hp\\Desktop\\NEXUS.DAWN\\node_modules\\jest-mock\\build\\index.js:148:19)\n    at animate (C:\\Users\\hp\\Desktop\\NEXUS.DAWN\\src\\components\\EmotionalResonance.tsx:102:35)\n    at C:\\Users\\hp\\Desktop\\NEXUS.DAWN\\src\\components\\__tests__\\EmotionalResonance.test.tsx:16:7\n    at C:\\Users\\hp\\Desktop\\NEXUS.DAWN\\node_modules\\jest-mock\\build\\index.js:397:39\n    at C:\\Users\\hp\\Desktop\\NEXUS.DAWN\\node_modules\\jest-mock\\build\\index.js:404:13\n    at mockConstructor (C:\\Users\\hp\\Desktop\\NEXUS.DAWN\\node_modules\\jest-mock\\build\\index.js:148:19)\n    at animate (C:\\Users\\hp\\Desktop\\NEXUS.DAWN\\src\\components\\EmotionalResonance.tsx:102:35)\n    at C:\\Users\\hp\\Desktop\\NEXUS.DAWN\\src\\components\\__tests__\\EmotionalResonance.test.tsx:16:7\n    at C:\\Users\\hp\\Desktop\\NEXUS.DAWN\\node_modules\\jest-mock\\build\\index.js:397:39\n    at C:\\Users\\hp\\Desktop\\NEXUS.DAWN\\node_modules\\jest-mock\\build\\index.js:404:13\n    at mockConstructor (C:\\Users\\hp\\Desktop\\NEXUS.DAWN\\node_modules\\jest-mock\\build\\index.js:148:19)\n    at animate (C:\\Users\\hp\\Desktop\\NEXUS.DAWN\\src\\components\\EmotionalResonance.tsx:102:35)\n    at C:\\Users\\hp\\Desktop\\NEXUS.DAWN\\src\\components\\__tests__\\EmotionalResonance.test.tsx:16:7\n    at C:\\Users\\hp\\Desktop\\NEXUS.DAWN\\node_modules\\jest-mock\\build\\index.js:397:39\n    at C:\\Users\\hp\\Desktop\\NEXUS.DAWN\\node_modules\\jest-mock\\build\\index.js:404:13\n    at mockConstructor (C:\\Users\\hp\\Desktop\\NEXUS.DAWN\\node_modules\\jest-mock\\build\\index.js:148:19)\n    at animate (C:\\Users\\hp\\Desktop\\NEXUS.DAWN\\src\\components\\EmotionalResonance.tsx:102:35)\n    at C:\\Users\\hp\\Desktop\\NEXUS.DAWN\\src\\components\\__tests__\\EmotionalResonance.test.tsx:16:7\n    at C:\\Users\\hp\\Desktop\\NEXUS.DAWN\\node_modules\\jest-mock\\build\\index.js:397:39\n    at C:\\Users\\hp\\Desktop\\NEXUS.DAWN\\node_modules\\jest-mock\\build\\index.js:404:13\n    at mockConstructor (C:\\Users\\hp\\Desktop\\NEXUS.DAWN\\node_modules\\jest-mock\\build\\index.js:148:19)\n    at animate (C:\\Users\\hp\\Desktop\\NEXUS.DAWN\\src\\components\\EmotionalResonance.tsx:102:35)\n    at C:\\Users\\hp\\Desktop\\NEXUS.DAWN\\src\\components\\__tests__\\EmotionalResonance.test.tsx:16:7\n    at C:\\Users\\hp\\Desktop\\NEXUS.DAWN\\node_modules\\jest-mock\\build\\index.js:397:39\n    at C:\\Users\\hp\\Desktop\\NEXUS.DAWN\\node_modules\\jest-mock\\build\\index.js:404:13\n    at mockConstructor (C:\\Users\\hp\\Desktop\\NEXUS.DAWN\\node_modules\\jest-mock\\build\\index.js:148:19)\n    at animate (C:\\Users\\hp\\Desktop\\NEXUS.DAWN\\src\\components\\EmotionalResonance.tsx:102:35)\n    at C:\\Users\\hp\\Desktop\\NEXUS.DAWN\\src\\components\\__tests__\\EmotionalResonance.test.tsx:16:7\n    at C:\\Users\\hp\\Desktop\\NEXUS.DAWN\\node_modules\\jest-mock\\build\\index.js:397:39\n    at C:\\Users\\hp\\Desktop\\NEXUS.DAWN\\node_modules\\jest-mock\\build\\index.js:404:13\n    at mockConstructor (C:\\Users\\hp\\Desktop\\NEXUS.DAWN\\node_modules\\jest-mock\\build\\index.js:148:19)\n    at animate (C:\\Users\\hp\\Desktop\\NEXUS.DAWN\\src\\components\\EmotionalResonance.tsx:102:35)\n    at C:\\Users\\hp\\Desktop\\NEXUS.DAWN\\src\\components\\__tests__\\EmotionalResonance.test.tsx:16:7\n    at C:\\Users\\hp\\Desktop\\NEXUS.DAWN\\node_modules\\jest-mock\\build\\index.js:397:39\n    at C:\\Users\\hp\\Desktop\\NEXUS.DAWN\\node_modules\\jest-mock\\build\\index.js:404:13"],"fullName":"EmotionalResonance cleans up animation frame on unmount","invocations":1,"location":null,"numPassingAsserts":0,"retryReasons":[],"status":"failed","title":"cleans up animation frame on unmount"}],"endTime":1749155519818,"message":"\u001b[1m\u001b[31m  \u001b[1m● \u001b[22m\u001b[1mEmotionalResonance › renders with default props\u001b[39m\u001b[22m\n\n    RangeError: Maximum call stack size exceeded\n\u001b[2m\u001b[22m\n\u001b[2m    \u001b[0m \u001b[90m 45 |\u001b[39m     window\u001b[33m.\u001b[39maddEventListener(\u001b[32m'resize'\u001b[39m\u001b[33m,\u001b[39m updateDimensions)\u001b[33m;\u001b[39m\u001b[22m\n\u001b[2m     \u001b[90m 46 |\u001b[39m\u001b[22m\n\u001b[2m    \u001b[31m\u001b[1m>\u001b[22m\u001b[2m\u001b[39m\u001b[90m 47 |\u001b[39m     \u001b[36mconst\u001b[39m draw \u001b[33m=\u001b[39m () \u001b[33m=>\u001b[39m {\u001b[22m\n\u001b[2m     \u001b[90m    |\u001b[39m                  \u001b[31m\u001b[1m^\u001b[22m\u001b[2m\u001b[39m\u001b[22m\n\u001b[2m     \u001b[90m 48 |\u001b[39m       \u001b[36mif\u001b[39m (\u001b[33m!\u001b[39mcanvas \u001b[33m||\u001b[39m \u001b[33m!\u001b[39mdimensionsRef\u001b[33m.\u001b[39mcurrent) \u001b[36mreturn\u001b[39m\u001b[33m;\u001b[39m\u001b[22m\n\u001b[2m     \u001b[90m 49 |\u001b[39m       \u001b[36mconst\u001b[39m ctx \u001b[33m=\u001b[39m canvas\u001b[33m.\u001b[39mgetContext(\u001b[32m'2d'\u001b[39m)\u001b[33m;\u001b[39m\u001b[22m\n\u001b[2m     \u001b[90m 50 |\u001b[39m       \u001b[36mif\u001b[39m (\u001b[33m!\u001b[39mctx) \u001b[36mreturn\u001b[39m\u001b[33m;\u001b[39m\u001b[0m\u001b[22m\n\u001b[2m\u001b[22m\n\u001b[2m      \u001b[2mat draw (\u001b[22m\u001b[2msrc/components/EmotionalResonance.tsx\u001b[2m:47:18)\u001b[22m\u001b[2m\u001b[22m\n\u001b[2m      \u001b[2mat animate (\u001b[22m\u001b[2msrc/components/EmotionalResonance.tsx\u001b[2m:101:7)\u001b[22m\u001b[2m\u001b[22m\n\u001b[2m      \u001b[2mat \u001b[22m\u001b[2m\u001b[0m\u001b[36msrc/components/__tests__/EmotionalResonance.test.tsx\u001b[39m\u001b[0m\u001b[2m:16:7\u001b[22m\u001b[2m\u001b[22m\n\u001b[2m      \u001b[2mat animate (\u001b[22m\u001b[2msrc/components/EmotionalResonance.tsx\u001b[2m:102:35)\u001b[22m\u001b[2m\u001b[22m\n\u001b[2m      \u001b[2mat \u001b[22m\u001b[2m\u001b[0m\u001b[36msrc/components/__tests__/EmotionalResonance.test.tsx\u001b[39m\u001b[0m\u001b[2m:16:7\u001b[22m\u001b[2m\u001b[22m\n\u001b[2m      \u001b[2mat animate (\u001b[22m\u001b[2msrc/components/EmotionalResonance.tsx\u001b[2m:102:35)\u001b[22m\u001b[2m\u001b[22m\n\u001b[2m      \u001b[2mat \u001b[22m\u001b[2m\u001b[0m\u001b[36msrc/components/__tests__/EmotionalResonance.test.tsx\u001b[39m\u001b[0m\u001b[2m:16:7\u001b[22m\u001b[2m\u001b[22m\n\u001b[2m      \u001b[2mat animate (\u001b[22m\u001b[2msrc/components/EmotionalResonance.tsx\u001b[2m:102:35)\u001b[22m\u001b[2m\u001b[22m\n\u001b[2m      \u001b[2mat \u001b[22m\u001b[2m\u001b[0m\u001b[36msrc/components/__tests__/EmotionalResonance.test.tsx\u001b[39m\u001b[0m\u001b[2m:16:7\u001b[22m\u001b[2m\u001b[22m\n\u001b[2m      \u001b[2mat animate (\u001b[22m\u001b[2msrc/components/EmotionalResonance.tsx\u001b[2m:102:35)\u001b[22m\u001b[2m\u001b[22m\n\u001b[2m      \u001b[2mat \u001b[22m\u001b[2m\u001b[0m\u001b[36msrc/components/__tests__/EmotionalResonance.test.tsx\u001b[39m\u001b[0m\u001b[2m:16:7\u001b[22m\u001b[2m\u001b[22m\n\u001b[2m      \u001b[2mat animate (\u001b[22m\u001b[2msrc/components/EmotionalResonance.tsx\u001b[2m:102:35)\u001b[22m\u001b[2m\u001b[22m\n\u001b[2m      \u001b[2mat \u001b[22m\u001b[2m\u001b[0m\u001b[36msrc/components/__tests__/EmotionalResonance.test.tsx\u001b[39m\u001b[0m\u001b[2m:16:7\u001b[22m\u001b[2m\u001b[22m\n\u001b[2m      \u001b[2mat animate (\u001b[22m\u001b[2msrc/components/EmotionalResonance.tsx\u001b[2m:102:35)\u001b[22m\u001b[2m\u001b[22m\n\u001b[2m      \u001b[2mat \u001b[22m\u001b[2m\u001b[0m\u001b[36msrc/components/__tests__/EmotionalResonance.test.tsx\u001b[39m\u001b[0m\u001b[2m:16:7\u001b[22m\u001b[2m\u001b[22m\n\u001b[2m      \u001b[2mat animate (\u001b[22m\u001b[2msrc/components/EmotionalResonance.tsx\u001b[2m:102:35)\u001b[22m\u001b[2m\u001b[22m\n\u001b[2m      \u001b[2mat \u001b[22m\u001b[2m\u001b[0m\u001b[36msrc/components/__tests__/EmotionalResonance.test.tsx\u001b[39m\u001b[0m\u001b[2m:16:7\u001b[22m\u001b[2m\u001b[22m\n\u001b[2m      \u001b[2mat animate (\u001b[22m\u001b[2msrc/components/EmotionalResonance.tsx\u001b[2m:102:35)\u001b[22m\u001b[2m\u001b[22m\n\u001b[2m      \u001b[2mat \u001b[22m\u001b[2m\u001b[0m\u001b[36msrc/components/__tests__/EmotionalResonance.test.tsx\u001b[39m\u001b[0m\u001b[2m:16:7\u001b[22m\u001b[2m\u001b[22m\n\u001b[2m      \u001b[2mat animate (\u001b[22m\u001b[2msrc/components/EmotionalResonance.tsx\u001b[2m:102:35)\u001b[22m\u001b[2m\u001b[22m\n\u001b[2m      \u001b[2mat \u001b[22m\u001b[2m\u001b[0m\u001b[36msrc/components/__tests__/EmotionalResonance.test.tsx\u001b[39m\u001b[0m\u001b[2m:16:7\u001b[22m\u001b[2m\u001b[22m\n\u001b[2m      \u001b[2mat animate (\u001b[22m\u001b[2msrc/components/EmotionalResonance.tsx\u001b[2m:102:35)\u001b[22m\u001b[2m\u001b[22m\n\u001b[2m      \u001b[2mat \u001b[22m\u001b[2m\u001b[0m\u001b[36msrc/components/__tests__/EmotionalResonance.test.tsx\u001b[39m\u001b[0m\u001b[2m:16:7\u001b[22m\u001b[2m\u001b[22m\n\u001b[2m      \u001b[2mat animate (\u001b[22m\u001b[2msrc/components/EmotionalResonance.tsx\u001b[2m:102:35)\u001b[22m\u001b[2m\u001b[22m\n\u001b[2m      \u001b[2mat \u001b[22m\u001b[2m\u001b[0m\u001b[36msrc/components/__tests__/EmotionalResonance.test.tsx\u001b[39m\u001b[0m\u001b[2m:16:7\u001b[22m\u001b[2m\u001b[22m\n\u001b[2m      \u001b[2mat animate (\u001b[22m\u001b[2msrc/components/EmotionalResonance.tsx\u001b[2m:102:35)\u001b[22m\u001b[2m\u001b[22m\n\u001b[2m      \u001b[2mat \u001b[22m\u001b[2m\u001b[0m\u001b[36msrc/components/__tests__/EmotionalResonance.test.tsx\u001b[39m\u001b[0m\u001b[2m:16:7\u001b[22m\u001b[2m\u001b[22m\n\u001b[2m      \u001b[2mat animate (\u001b[22m\u001b[2msrc/components/EmotionalResonance.tsx\u001b[2m:102:35)\u001b[22m\u001b[2m\u001b[22m\n\u001b[2m      \u001b[2mat \u001b[22m\u001b[2m\u001b[0m\u001b[36msrc/components/__tests__/EmotionalResonance.test.tsx\u001b[39m\u001b[0m\u001b[2m:16:7\u001b[22m\u001b[2m\u001b[22m\n\u001b[2m      \u001b[2mat animate (\u001b[22m\u001b[2msrc/components/EmotionalResonance.tsx\u001b[2m:102:35)\u001b[22m\u001b[2m\u001b[22m\n\u001b[2m      \u001b[2mat \u001b[22m\u001b[2m\u001b[0m\u001b[36msrc/components/__tests__/EmotionalResonance.test.tsx\u001b[39m\u001b[0m\u001b[2m:16:7\u001b[22m\u001b[2m\u001b[22m\n\u001b[2m      \u001b[2mat animate (\u001b[22m\u001b[2msrc/components/EmotionalResonance.tsx\u001b[2m:102:35)\u001b[22m\u001b[2m\u001b[22m\n\u001b[2m      \u001b[2mat \u001b[22m\u001b[2m\u001b[0m\u001b[36msrc/components/__tests__/EmotionalResonance.test.tsx\u001b[39m\u001b[0m\u001b[2m:16:7\u001b[22m\u001b[2m\u001b[22m\n\u001b[2m      \u001b[2mat animate (\u001b[22m\u001b[2msrc/components/EmotionalResonance.tsx\u001b[2m:102:35)\u001b[22m\u001b[2m\u001b[22m\n\u001b[2m      \u001b[2mat \u001b[22m\u001b[2m\u001b[0m\u001b[36msrc/components/__tests__/EmotionalResonance.test.tsx\u001b[39m\u001b[0m\u001b[2m:16:7\u001b[22m\u001b[2m\u001b[22m\n\u001b[2m      \u001b[2mat animate (\u001b[22m\u001b[2msrc/components/EmotionalResonance.tsx\u001b[2m:102:35)\u001b[22m\u001b[2m\u001b[22m\n\u001b[2m      \u001b[2mat \u001b[22m\u001b[2m\u001b[0m\u001b[36msrc/components/__tests__/EmotionalResonance.test.tsx\u001b[39m\u001b[0m\u001b[2m:16:7\u001b[22m\u001b[2m\u001b[22m\n\u001b[2m      \u001b[2mat animate (\u001b[22m\u001b[2msrc/components/EmotionalResonance.tsx\u001b[2m:102:35)\u001b[22m\u001b[2m\u001b[22m\n\u001b[2m      \u001b[2mat \u001b[22m\u001b[2m\u001b[0m\u001b[36msrc/components/__tests__/EmotionalResonance.test.tsx\u001b[39m\u001b[0m\u001b[2m:16:7\u001b[22m\u001b[2m\u001b[22m\n\u001b[2m      \u001b[2mat animate (\u001b[22m\u001b[2msrc/components/EmotionalResonance.tsx\u001b[2m:102:35)\u001b[22m\u001b[2m\u001b[22m\n\u001b[2m      \u001b[2mat \u001b[22m\u001b[2m\u001b[0m\u001b[36msrc/components/__tests__/EmotionalResonance.test.tsx\u001b[39m\u001b[0m\u001b[2m:16:7\u001b[22m\u001b[2m\u001b[22m\n\n\u001b[1m\u001b[31m  \u001b[1m● \u001b[22m\u001b[1mEmotionalResonance › applies cosmic mode styles\u001b[39m\u001b[22m\n\n    RangeError: Maximum call stack size exceeded\n\u001b[2m\u001b[22m\n\u001b[2m    \u001b[0m \u001b[90m 45 |\u001b[39m     window\u001b[33m.\u001b[39maddEventListener(\u001b[32m'resize'\u001b[39m\u001b[33m,\u001b[39m updateDimensions)\u001b[33m;\u001b[39m\u001b[22m\n\u001b[2m     \u001b[90m 46 |\u001b[39m\u001b[22m\n\u001b[2m    \u001b[31m\u001b[1m>\u001b[22m\u001b[2m\u001b[39m\u001b[90m 47 |\u001b[39m     \u001b[36mconst\u001b[39m draw \u001b[33m=\u001b[39m () \u001b[33m=>\u001b[39m {\u001b[22m\n\u001b[2m     \u001b[90m    |\u001b[39m                  \u001b[31m\u001b[1m^\u001b[22m\u001b[2m\u001b[39m\u001b[22m\n\u001b[2m     \u001b[90m 48 |\u001b[39m       \u001b[36mif\u001b[39m (\u001b[33m!\u001b[39mcanvas \u001b[33m||\u001b[39m \u001b[33m!\u001b[39mdimensionsRef\u001b[33m.\u001b[39mcurrent) \u001b[36mreturn\u001b[39m\u001b[33m;\u001b[39m\u001b[22m\n\u001b[2m     \u001b[90m 49 |\u001b[39m       \u001b[36mconst\u001b[39m ctx \u001b[33m=\u001b[39m canvas\u001b[33m.\u001b[39mgetContext(\u001b[32m'2d'\u001b[39m)\u001b[33m;\u001b[39m\u001b[22m\n\u001b[2m     \u001b[90m 50 |\u001b[39m       \u001b[36mif\u001b[39m (\u001b[33m!\u001b[39mctx) \u001b[36mreturn\u001b[39m\u001b[33m;\u001b[39m\u001b[0m\u001b[22m\n\u001b[2m\u001b[22m\n\u001b[2m      \u001b[2mat draw (\u001b[22m\u001b[2msrc/components/EmotionalResonance.tsx\u001b[2m:47:18)\u001b[22m\u001b[2m\u001b[22m\n\u001b[2m      \u001b[2mat animate (\u001b[22m\u001b[2msrc/components/EmotionalResonance.tsx\u001b[2m:101:7)\u001b[22m\u001b[2m\u001b[22m\n\u001b[2m      \u001b[2mat \u001b[22m\u001b[2m\u001b[0m\u001b[36msrc/components/__tests__/EmotionalResonance.test.tsx\u001b[39m\u001b[0m\u001b[2m:16:7\u001b[22m\u001b[2m\u001b[22m\n\u001b[2m      \u001b[2mat animate (\u001b[22m\u001b[2msrc/components/EmotionalResonance.tsx\u001b[2m:102:35)\u001b[22m\u001b[2m\u001b[22m\n\u001b[2m      \u001b[2mat \u001b[22m\u001b[2m\u001b[0m\u001b[36msrc/components/__tests__/EmotionalResonance.test.tsx\u001b[39m\u001b[0m\u001b[2m:16:7\u001b[22m\u001b[2m\u001b[22m\n\u001b[2m      \u001b[2mat animate (\u001b[22m\u001b[2msrc/components/EmotionalResonance.tsx\u001b[2m:102:35)\u001b[22m\u001b[2m\u001b[22m\n\u001b[2m      \u001b[2mat \u001b[22m\u001b[2m\u001b[0m\u001b[36msrc/components/__tests__/EmotionalResonance.test.tsx\u001b[39m\u001b[0m\u001b[2m:16:7\u001b[22m\u001b[2m\u001b[22m\n\u001b[2m      \u001b[2mat animate (\u001b[22m\u001b[2msrc/components/EmotionalResonance.tsx\u001b[2m:102:35)\u001b[22m\u001b[2m\u001b[22m\n\u001b[2m      \u001b[2mat \u001b[22m\u001b[2m\u001b[0m\u001b[36msrc/components/__tests__/EmotionalResonance.test.tsx\u001b[39m\u001b[0m\u001b[2m:16:7\u001b[22m\u001b[2m\u001b[22m\n\u001b[2m      \u001b[2mat animate (\u001b[22m\u001b[2msrc/components/EmotionalResonance.tsx\u001b[2m:102:35)\u001b[22m\u001b[2m\u001b[22m\n\u001b[2m      \u001b[2mat \u001b[22m\u001b[2m\u001b[0m\u001b[36msrc/components/__tests__/EmotionalResonance.test.tsx\u001b[39m\u001b[0m\u001b[2m:16:7\u001b[22m\u001b[2m\u001b[22m\n\u001b[2m      \u001b[2mat animate (\u001b[22m\u001b[2msrc/components/EmotionalResonance.tsx\u001b[2m:102:35)\u001b[22m\u001b[2m\u001b[22m\n\u001b[2m      \u001b[2mat \u001b[22m\u001b[2m\u001b[0m\u001b[36msrc/components/__tests__/EmotionalResonance.test.tsx\u001b[39m\u001b[0m\u001b[2m:16:7\u001b[22m\u001b[2m\u001b[22m\n\u001b[2m      \u001b[2mat animate (\u001b[22m\u001b[2msrc/components/EmotionalResonance.tsx\u001b[2m:102:35)\u001b[22m\u001b[2m\u001b[22m\n\u001b[2m      \u001b[2mat \u001b[22m\u001b[2m\u001b[0m\u001b[36msrc/components/__tests__/EmotionalResonance.test.tsx\u001b[39m\u001b[0m\u001b[2m:16:7\u001b[22m\u001b[2m\u001b[22m\n\u001b[2m      \u001b[2mat animate (\u001b[22m\u001b[2msrc/components/EmotionalResonance.tsx\u001b[2m:102:35)\u001b[22m\u001b[2m\u001b[22m\n\u001b[2m      \u001b[2mat \u001b[22m\u001b[2m\u001b[0m\u001b[36msrc/components/__tests__/EmotionalResonance.test.tsx\u001b[39m\u001b[0m\u001b[2m:16:7\u001b[22m\u001b[2m\u001b[22m\n\u001b[2m      \u001b[2mat animate (\u001b[22m\u001b[2msrc/components/EmotionalResonance.tsx\u001b[2m:102:35)\u001b[22m\u001b[2m\u001b[22m\n\u001b[2m      \u001b[2mat \u001b[22m\u001b[2m\u001b[0m\u001b[36msrc/components/__tests__/EmotionalResonance.test.tsx\u001b[39m\u001b[0m\u001b[2m:16:7\u001b[22m\u001b[2m\u001b[22m\n\u001b[2m      \u001b[2mat animate (\u001b[22m\u001b[2msrc/components/EmotionalResonance.tsx\u001b[2m:102:35)\u001b[22m\u001b[2m\u001b[22m\n\u001b[2m      \u001b[2mat \u001b[22m\u001b[2m\u001b[0m\u001b[36msrc/components/__tests__/EmotionalResonance.test.tsx\u001b[39m\u001b[0m\u001b[2m:16:7\u001b[22m\u001b[2m\u001b[22m\n\u001b[2m      \u001b[2mat animate (\u001b[22m\u001
[...]
18,"retryReasons":[],"status":"passed","title":"handles edge cases"},{"ancestorTitles":["EmotionalService","blendEmotions"],"duration":2,"failureDetails":[],"failureMessages":[],"fullName":"EmotionalService blendEmotions blends two emotional states","invocations":1,"location":null,"numPassingAsserts":3,"retryReasons":[],"status":"passed","title":"blends two emotional states"},{"ancestorTitles":["EmotionalService","blendEmotions"],"duration":2,"failureDetails":[],"failureMessages":[],"fullName":"EmotionalService blendEmotions handles different blend ratios","invocations":1,"location":null,"numPassingAsserts":3,"retryReasons":[],"status":"passed","title":"handles different blend ratios"},{"ancestorTitles":["EmotionalService","createPreset"],"duration":4,"failureDetails":[],"failureMessages":[],"fullName":"EmotionalService createPreset creates a preset with valid emotions","invocations":1,"location":null,"numPassingAsserts":5,"retryReasons":[],"status":"passed","title":"creates a preset with valid emotions"},{"ancestorTitles":["EmotionalService","createPreset"],"duration":46,"failureDetails":[],"failureMessages":[],"fullName":"EmotionalService createPreset validates emotions before creating preset","invocations":1,"location":null,"numPassingAsserts":1,"retryReasons":[],"status":"passed","title":"validates emotions before creating preset"},{"ancestorTitles":["EmotionalService","validateEmotions"],"duration":1,"failureDetails":[],"failureMessages":[],"fullName":"EmotionalService validateEmotions validates valid emotions","invocations":1,"location":null,"numPassingAsserts":1,"retryReasons":[],"status":"passed","title":"validates valid emotions"},{"ancestorTitles":["EmotionalService","validateEmotions"],"duration":1,"failureDetails":[],"failureMessages":[],"fullName":"EmotionalService validateEmotions rejects invalid emotions","invocations":1,"location":null,"numPassingAsserts":3,"retryReasons":[],"status":"passed","title":"rejects invalid emotions"},{"ancestorTitles":["EmotionalService","getEmotionColor"],"duration":1,"failureDetails":[],"failureMessages":[],"fullName":"EmotionalService getEmotionColor returns correct gradient for normal mode","invocations":1,"location":null,"numPassingAsserts":3,"retryReasons":[],"status":"passed","title":"returns correct gradient for normal mode"},{"ancestorTitles":["EmotionalService","getEmotionColor"],"duration":1,"failureDetails":[],"failureMessages":[],"fullName":"EmotionalService getEmotionColor returns correct gradient for cosmic mode","invocations":1,"location":null,"numPassingAsserts":3,"retryReasons":[],"status":"passed","title":"returns correct gradient for cosmic mode"},{"ancestorTitles":["EmotionalService","getEmotionColor"],"duration":1,"failureDetails":[],"failureMessages":[],"fullName":"EmotionalService getEmotionColor handles different emotion types","invocations":1,"location":null,"numPassingAsserts":3,"retryReasons":[],"status":"passed","title":"handles different emotion types"},{"ancestorTitles":["EmotionalService","getEmotionColor"],"duration":2,"failureDetails":[],"failureMessages":[],"fullName":"EmotionalService getEmotionColor handles different intensity values","invocations":1,"location":null,"numPassingAsserts":10,"retryReasons":[],"status":"passed","title":"handles different intensity values"}],"endTime":1749155522364,"message":"","name":"C:\\Users\\hp\\Desktop\\NEXUS.DAWN\\src\\services\\__tests__\\EmotionalService.test.ts","startTime":1749155520115,"status":"passed","summary":""},{"assertionResults":[{"ancestorTitles":["useEmotionalResonance"],"duration":134,"failureDetails":[],"failureMessages":[],"fullName":"useEmotionalResonance should initialize with default state","invocations":1,"location":null,"numPassingAsserts":4,"retryReasons":[],"status":"passed","title":"should initialize with default state"},{"ancestorTitles":["useEmotionalResonance"],"duration":19,"failureDetails":[],"failureMessages":[],"fullName":"useEmotionalResonance should process emotional state and update result","invocations":1,"location":null,"numPassingAsserts":4,"retryReasons":[],"status":"passed","title":"should process emotional state and update result"},{"ancestorTitles":["useEmotionalResonance"],"duration":11,"failureDetails":[],"failureMessages":[],"fullName":"useEmotionalResonance should handle errors during processing","invocations":1,"location":null,"numPassingAsserts":2,"retryReasons":[],"status":"passed","title":"should handle errors during processing"},{"ancestorTitles":["useEmotionalResonance"],"duration":6,"failureDetails":[],"failureMessages":[],"fullName":"useEmotionalResonance should call onResonanceChange callback when result changes","invocations":1,"location":null,"numPassingAsserts":1,"retryReasons":[],"status":"passed","title":"should call onResonanceChange callback when result changes"},{"ancestorTitles":["useEmotionalResonance"],"duration":8,"failureDetails":[],"failureMessages":[],"fullName":"useEmotionalResonance should clear state when clearState is called","invocations":1,"location":null,"numPassingAsserts":3,"retryReasons":[],"status":"passed","title":"should clear state when clearState is called"},{"ancestorTitles":["useEmotionalResonance"],"duration":4,"failureDetails":[],"failureMessages":[],"fullName":"useEmotionalResonance should use custom configuration when provided","invocations":1,"location":null,"numPassingAsserts":1,"retryReasons":[],"status":"passed","title":"should use custom configuration when provided"}],"endTime":1749155522373,"message":"","name":"C:\\Users\\hp\\Desktop\\NEXUS.DAWN\\src\\hooks\\__tests__\\useEmotionalResonance.test.tsx","startTime":1749155513451,"status":"passed","summary":""},{"assertionResults":[{"ancestorTitles":["ExpandableSection"],"duration":148,"failureDetails":[],"failureMessages":[],"fullName":"ExpandableSection renders with default props","invocations":1,"location":null,"numPassingAsserts":4,"retryReasons":[],"status":"passed","title":"renders with default props"},{"ancestorTitles":["ExpandableSection"],"duration":24,"failureDetails":[],"failureMessages":[],"fullName":"ExpandableSection renders in expanded state","invocations":1,"location":null,"numPassingAsserts":3,"retryReasons":[],"status":"passed","title":"renders in expanded state"},{"ancestorTitles":["ExpandableSection"],"duration":33,"failureDetails":[],"failureMessages":[],"fullName":"ExpandableSection calls onToggle when button is clicked","invocations":1,"location":null,"numPassingAsserts":1,"retryReasons":[],"status":"passed","title":"calls onToggle when button is clicked"},{"ancestorTitles":["ExpandableSection"],"duration":17,"failureDetails":[],"failureMessages":[],"fullName":"ExpandableSection applies cosmic mode styles","invocations":1,"location":null,"numPassingAsserts":1,"retryReasons":[],"status":"passed","title":"applies cosmic mode styles"},{"ancestorTitles":["ExpandableSection"],"duration":35,"failureDetails":[],"failureMessages":[],"fullName":"ExpandableSection applies custom class names","invocations":1,"location":null,"numPassingAsserts":2,"retryReasons":[],"status":"passed","title":"applies custom class names"},{"ancestorTitles":["ExpandableSection"],"duration":14,"failureDetails":[],"failureMessages":[],"fullName":"ExpandableSection renders children with proper ARIA attributes","invocations":1,"location":null,"numPassingAsserts":2,"retryReasons":[],"status":"passed","title":"renders children with proper ARIA attributes"},{"ancestorTitles":["ExpandableSection"],"duration":28,"failureDetails":[],"failureMessages":[],"fullName":"ExpandableSection animates content when expanding/collapsing","invocations":1,"location":null,"numPassingAsserts":3,"retryReasons":[],"status":"passed","title":"animates content when expanding/collapsing"}],"endTime":1749155522387,"message":"","name":"C:\\Users\\hp\\Desktop\\NEXUS.DAWN\\src\\components\\__tests__\\ExpandableSection.test.tsx","startTime":1749155520155,"status":"passed","summary":""},{"assertionResults":[{"ancestorTitles":["VectorStore","store"],"duration":5,"failureDetails":[],"failureMessages":[],"fullName":"VectorStore store should store a memory entry","invocations":1,"location":null,"numPassingAsserts":2,"retryReasons":[],"status":"passed","title":"should store a memory entry"},{"ancestorTitles":["VectorStore","search"],"duration":2,"failureDetails":[],"failureMessages":[],"fullName":"VectorStore search should find similar vectors using cosine similarity","invocations":1,"location":null,"numPassingAsserts":1,"retryReasons":[],"status":"passed","title":"should find similar vectors using cosine similarity"},{"ancestorTitles":["VectorStore","search"],"duration":1,"failureDetails":[],"failureMessages":[],"fullName":"VectorStore search should respect the similarity threshold","invocations":1,"location":null,"numPassingAsserts":2,"retryReasons":[],"status":"passed","title":"should respect the similarity threshold"},{"ancestorTitles":["VectorStore","search"],"duration":1,"failureDetails":[],"failureMessages":[],"fullName":"VectorStore search should respect the limit parameter","invocations":1,"location":null,"numPassingAsserts":1,"retryReasons":[],"status":"passed","title":"should respect the limit parameter"},{"ancestorTitles":["VectorStore","searchByTimeRange"],"duration":1,"failureDetails":[],"failureMessages":[],"fullName":"VectorStore searchByTimeRange should find memories within the time range","invocations":1,"location":null,"numPassingAsserts":1,"retryReasons":[],"status":"passed","title":"should find memories within the time range"},{"ancestorTitles":["VectorStore","clear"],"duration":1,"failureDetails":[],"failureMessages":[],"fullName":"VectorStore clear should remove all stored memories","invocations":1,"location":null,"numPassingAsserts":1,"retryReasons":[],"status":"passed","title":"should remove all stored memories"},{"ancestorTitles":["VectorStore","similarity metrics"],"duration":0,"failureDetails":[],"failureMessages":[],"fullName":"VectorStore similarity metrics should support cosine similarity","invocations":1,"location":null,"numPassingAsserts":1,"retryReasons":[],"status":"passed","title":"should support cosine similarity"},{"ancestorTitles":["VectorStore","similarity metrics"],"duration":1,"failureDetails":[],"failureMessages":[],"fullName":"VectorStore similarity metrics should support euclidean similarity","invocations":1,"location":null,"numPassingAsserts":1,"retryReasons":[],"status":"passed","title":"should support euclidean similarity"},{"ancestorTitles":["VectorStore","similarity metrics"],"duration":1,"failureDetails":[],"failureMessages":[],"fullName":"VectorStore similarity metrics should support dot product similarity","invocations":1,"location":null,"numPassingAsserts":1,"retryReasons":[],"status":"passed","title":"should support dot product similarity"}],"endTime":1749155522723,"message":"","name":"C:\\Users\\hp\\Desktop\\NEXUS.DAWN\\src\\core\\memory\\__tests__\\VectorStore.test.ts","startTime":1749155521303,"status":"passed","summary":""},{"assertionResults":[{"ancestorTitles":["MemoryManager","storeMemory"],"duration":4,"failureDetails":[],"failureMessages":[],"fullName":"MemoryManager storeMemory should store a memory and return its ID","invocations":1,"location":null,"numPassingAsserts":2,"retryReasons":[],"status":"passed","title":"should store a memory and return its ID"},{"ancestorTitles":["MemoryManager","storeMemory"],"duration":2,"failureDetails":[],"failureMessages":[],"fullName":"MemoryManager storeMemory should store memory with metadata","invocations":1,"location":null,"numPassingAsserts":1,"retryReasons":[],"status":"passed","title":"should store memory with metadata"},{"ancestorTitles":["MemoryManager","retrieveSimilarMemories"],"duration":1,"failureDetails":[],"failureMessages":[],"fullName":"MemoryManager retrieveSimilarMemories should retrieve memories similar to the query state","invocations":1,"location":null,"numPassingAsserts":1,"retryReasons":[],"status":"passed","title":"should retrieve memories similar to the query state"},{"ancestorTitles":["MemoryManager","retrieveSimilarMemories"],"duration":1,"failureDetails":[],"failureMessages":[],"fullName":"MemoryManager retrieveSimilarMemories should respect the limit parameter","invocations":1,"location":null,"numPassingAsserts":1,"retryReasons":[],"status":"passed","title":"should respect the limit parameter"},{"ancestorTitles":["MemoryManager","retrieveMemoriesByTimeRange"],"duration":1,"failureDetails":[],"failureMessages":[],"fullName":"MemoryManager retrieveMemoriesByTimeRange should retrieve memories within the specified time range","invocations":1,"location":null,"numPassingAsserts":2,"retryReasons":[],"status":"passed","title":"should retrieve memories within the specified time range"},{"ancestorTitles":["MemoryManager","clearMemories"],"duration":0,"failureDetails":[],"failureMessages":[],"fullName":"MemoryManager clearMemories should clear all stored memories","invocations":1,"location":null,"numPassingAsserts":1,"retryReasons":[],"status":"passed","title":"should clear all stored memories"}],"endTime":1749155522837,"message":"","name":"C:\\Users\\hp\\Desktop\\NEXUS.DAWN\\src\\core\\memory\\__tests__\\MemoryManager.test.ts","startTime":1749155521604,"status":"passed","summary":""},{"assertionResults":[{"ancestorTitles":["useBiofeedback"],"duration":49,"failureDetails":[],"failureMessages":[],"fullName":"useBiofeedback initializes with default state","invocations":1,"location":null,"numPassingAsserts":4,"retryReasons":[],"status":"passed","title":"initializes with default state"},{"ancestorTitles":["useBiofeedback"],"duration":13,"failureDetails":[],"failureMessages":[],"fullName":"useBiofeedback handles voice recording start and stop","invocations":1,"location":null,"numPassingAsserts":5,"retryReasons":[],"status":"passed","title":"handles voice recording start and stop"},{"ancestorTitles":["useBiofeedback"],"duration":11,"failureDetails":[],"failureMessages":[],"fullName":"useBiofeedback handles facial detection start and stop","invocations":1,"location":null,"numPassingAsserts":6,"retryReasons":[],"status":"passed","title":"handles facial detection start and stop"},{"ancestorTitles":["useBiofeedback"],"duration":28,"failureDetails":[],"failureMessages":[],"fullName":"useBiofeedback handles errors during voice recording","invocations":1,"location":null,"numPassingAsserts":1,"retryReasons":[],"status":"passed","title":"handles errors during voice recording"},{"ancestorTitles":["useBiofeedback"],"duration":8,"failureDetails":[],"failureMessages":[],"fullName":"useBiofeedback handles errors during facial detection","invocations":1,"location":null,"numPassingAsserts":1,"retryReasons":[],"status":"passed","title":"handles errors during facial detection"},{"ancestorTitles":["useBiofeedback"],"duration":3,"failureDetails":[],"failureMessages":[],"fullName":"useBiofeedback calls onStateChange when biofeedback state changes","invocations":1,"location":null,"numPassingAsserts":1,"retryReasons":[],"status":"passed","title":"calls onStateChange when biofeedback state changes"}],"endTime":1749155523292,"message":"","name":"C:\\Users\\hp\\Desktop\\NEXUS.DAWN\\src\\hooks\\__tests__\\useBiofeedback.test.ts","startTime":1749155513334,"status":"passed","summary":""},{"assertionResults":[{"ancestorTitles":["BiofeedbackInterface"],"duration":117,"failureDetails":[],"failureMessages":[],"fullName":"BiofeedbackInterface renders without error","invocations":1,"location":null,"numPassingAsserts":1,"retryReasons":[],"status":"passed","title":"renders without error"},{"ancestorTitles":["BiofeedbackInterface"],"duration":14,"failureDetails":[],"failureMessages":[],"fullName":"BiofeedbackInterface displays error message when error occurs","invocations":1,"location":null,"numPassingAsserts":1,"retryReasons":[],"status":"passed","title":"displays error message when error occurs"},{"ancestorTitles":["BiofeedbackInterface"],"duration":41,"failureDetails":[],"failureMessages":[],"fullName":"BiofeedbackInterface toggles recording state when button is clicked","invocations":1,"location":null,"numPassingAsserts":4,"retryReasons":[],"status":"passed","title":"toggles recording state when button is clicked"},{"ancestorTitles":["BiofeedbackInterface"],"duration":14,"failureDetails":[],"failureMessages":[],"fullName":"BiofeedbackInterface displays voice analysis results when available","invocations":1,"location":null,"numPassingAsserts":5,"retryReasons":[],"status":"passed","title":"displays voice analysis results when available"},{"ancestorTitles":["BiofeedbackInterface"],"duration":14,"failureDetails":[],"failureMessages":[],"fullName":"BiofeedbackInterface displays facial emotion results when available","invocations":1,"location":null,"numPassingAsserts":4,"retryReasons":[],"status":"passed","title":"displays facial emotion results when available"},{"ancestorTitles":["BiofeedbackInterface"],"duration":8,"failureDetails":[],"failureMessages":[],"fullName":"BiofeedbackInterface handles video element initialization","invocations":1,"location":null,"numPassingAsserts":2,"retryReasons":[],"status":"passed","title":"handles video element initialization"},{"ancestorTitles":["BiofeedbackInterface"],"duration":6,"failureDetails":[],"failureMessages":[],"fullName":"BiofeedbackInterface calls onStateChange when biofeedback state changes","invocations":1,"location":null,"numPassingAsserts":1,"retryReasons":[],"status":"passed","title":"calls onStateChange when biofeedback state changes"}],"endTime":1749155523424,"message":"","name":"C:\\Users\\hp\\Desktop\\NEXUS.DAWN\\src\\components\\__tests__\\BiofeedbackInterface.test.tsx","startTime":1749155513441,"status":"passed","summary":""},{"assertionResults":[{"ancestorTitles":["EmotionalResonanceDisplay"],"duration":69,"failureDetails":[],"failureMessages":[],"fullName":"EmotionalResonanceDisplay should show loading state while processing","invocations":1,"location":null,"numPassingAsserts":1,"retryReasons":[],"status":"passed","title":"should show loading state while processing"},{"ancestorTitles":["EmotionalResonanceDisplay"],"duration":9,"failureDetails":[],"failureMessages":[],"fullName":"EmotionalResonanceDisplay should show error state when there is an error","invocations":1,"location":null,"numPassingAsserts":1,"retryReasons":[],"status":"passed","title":"should show error state when there is an error"},{"ancestorTitles":["EmotionalResonanceDisplay"],"duration":17,"failureDetails":[],"failureMessages":[],"fullName":"EmotionalResonanceDisplay should display resonance results when available","invocations":1,"location":null,"numPassingAsserts":6,"retryReasons":[],"status":"passed","title":"should display resonance results when available"},{"ancestorTitles":["EmotionalResonanceDisplay"],"duration":6,"failureDetails":[],"failureMessages":[],"fullName":"EmotionalResonanceDisplay should call processEmotionalState when emotionalState changes","invocations":1,"location":null,"numPassingAsserts":1,"retryReasons":[],"status":"passed","title":"should call processEmotionalState when emotionalState changes"},{"ancestorTitles":["EmotionalResonanceDisplay"],"duration":16,"failureDetails":[],"failureMessages":[],"fullName":"EmotionalResonanceDisplay should pass context to processEmotionalState","invocations":1,"location":null,"numPassingAsserts":1,"retryReasons":[],"status":"passed","title":"should pass context to processEmotionalState"},{"ancestorTitles":["EmotionalResonanceDisplay"],"duration":15,"failureDetails":[],"failureMessages":[],"fullName":"EmotionalResonanceDisplay should call onResonanceChange when result changes","invocations":1,"location":null,"numPassingAsserts":1,"retryReasons":[],"status":"passed","title":"should call onResonanceChange when result changes"}],"endTime":1749155523987,"message":"","name":"C:\\Users\\hp\\Desktop\\NEXUS.DAWN\\src\\components\\__tests__\\EmotionalResonanceDisplay.test.tsx","startTime":1749155513091,"status":"passed","summary":""}],"wasInterrupted":false}
